{"D:\\northeastern\\NEU_courses\\IE5374-Applied_Generative_AI\\deckode_final_project\\src\\components\\export\\pdfNativeExport.ts": {"path":"D:\\northeastern\\NEU_courses\\IE5374-Applied_Generative_AI\\deckode_final_project\\src\\components\\export\\pdfNativeExport.ts","statementMap":{"0":{"start":{"line":55,"column":22},"end":{"line":55,"column":null}},"1":{"start":{"line":56,"column":21},"end":{"line":56,"column":null}},"2":{"start":{"line":60,"column":12},"end":{"line":60,"column":null}},"3":{"start":{"line":61,"column":2},"end":{"line":61,"column":null}},"4":{"start":{"line":61,"column":10},"end":{"line":61,"column":null}},"5":{"start":{"line":62,"column":14},"end":{"line":62,"column":null}},"6":{"start":{"line":63,"column":2},"end":{"line":63,"column":null}},"7":{"start":{"line":63,"column":21},"end":{"line":63,"column":null}},"8":{"start":{"line":64,"column":2},"end":{"line":64,"column":null}},"9":{"start":{"line":70,"column":2},"end":{"line":70,"column":null}},"10":{"start":{"line":73,"column":2},"end":{"line":73,"column":null}},"11":{"start":{"line":79,"column":16},"end":{"line":79,"column":null}},"12":{"start":{"line":80,"column":2},"end":{"line":85,"column":null}},"13":{"start":{"line":85,"column":4},"end":{"line":85,"column":null}},"14":{"start":{"line":86,"column":2},"end":{"line":86,"column":null}},"15":{"start":{"line":86,"column":58},"end":{"line":86,"column":null}},"16":{"start":{"line":87,"column":2},"end":{"line":87,"column":null}},"17":{"start":{"line":93,"column":16},"end":{"line":93,"column":null}},"18":{"start":{"line":94,"column":2},"end":{"line":94,"column":null}},"19":{"start":{"line":98,"column":16},"end":{"line":98,"column":null}},"20":{"start":{"line":99,"column":2},"end":{"line":99,"column":null}},"21":{"start":{"line":103,"column":16},"end":{"line":103,"column":null}},"22":{"start":{"line":104,"column":2},"end":{"line":104,"column":null}},"23":{"start":{"line":117,"column":15},"end":{"line":117,"column":null}},"24":{"start":{"line":118,"column":14},"end":{"line":118,"column":null}},"25":{"start":{"line":119,"column":14},"end":{"line":119,"column":null}},"26":{"start":{"line":123,"column":13},"end":{"line":123,"column":null}},"27":{"start":{"line":124,"column":13},"end":{"line":124,"column":null}},"28":{"start":{"line":126,"column":12},"end":{"line":126,"column":null}},"29":{"start":{"line":126,"column":27},"end":{"line":126,"column":null}},"30":{"start":{"line":128,"column":2},"end":{"line":130,"column":null}},"31":{"start":{"line":146,"column":8},"end":{"line":146,"column":null}},"32":{"start":{"line":147,"column":15},"end":{"line":147,"column":null}},"33":{"start":{"line":148,"column":15},"end":{"line":148,"column":null}},"34":{"start":{"line":149,"column":16},"end":{"line":149,"column":null}},"35":{"start":{"line":150,"column":19},"end":{"line":150,"column":null}},"36":{"start":{"line":151,"column":13},"end":{"line":151,"column":null}},"37":{"start":{"line":152,"column":13},"end":{"line":152,"column":null}},"38":{"start":{"line":153,"column":17},"end":{"line":153,"column":null}},"39":{"start":{"line":154,"column":13},"end":{"line":154,"column":null}},"40":{"start":{"line":156,"column":19},"end":{"line":156,"column":null}},"41":{"start":{"line":157,"column":19},"end":{"line":157,"column":null}},"42":{"start":{"line":160,"column":18},"end":{"line":160,"column":null}},"43":{"start":{"line":161,"column":2},"end":{"line":162,"column":null}},"44":{"start":{"line":164,"column":16},"end":{"line":164,"column":null}},"45":{"start":{"line":165,"column":2},"end":{"line":165,"column":null}},"46":{"start":{"line":167,"column":16},"end":{"line":167,"column":null}},"47":{"start":{"line":168,"column":2},"end":{"line":168,"column":null}},"48":{"start":{"line":172,"column":17},"end":{"line":172,"column":null}},"49":{"start":{"line":173,"column":2},"end":{"line":173,"column":null}},"50":{"start":{"line":174,"column":2},"end":{"line":174,"column":null}},"51":{"start":{"line":175,"column":2},"end":{"line":175,"column":null}},"52":{"start":{"line":176,"column":2},"end":{"line":176,"column":null}},"53":{"start":{"line":179,"column":2},"end":{"line":192,"column":null}},"54":{"start":{"line":180,"column":4},"end":{"line":180,"column":null}},"55":{"start":{"line":181,"column":4},"end":{"line":191,"column":null}},"56":{"start":{"line":182,"column":15},"end":{"line":182,"column":null}},"57":{"start":{"line":183,"column":15},"end":{"line":183,"column":null}},"58":{"start":{"line":184,"column":6},"end":{"line":189,"column":null}},"59":{"start":{"line":185,"column":14},"end":{"line":185,"column":null}},"60":{"start":{"line":186,"column":8},"end":{"line":186,"column":null}},"61":{"start":{"line":187,"column":8},"end":{"line":188,"column":null}},"62":{"start":{"line":187,"column":58},"end":{"line":187,"column":null}},"63":{"start":{"line":188,"column":13},"end":{"line":188,"column":null}},"64":{"start":{"line":190,"column":6},"end":{"line":190,"column":null}},"65":{"start":{"line":195,"column":2},"end":{"line":195,"column":null}},"66":{"start":{"line":197,"column":20},"end":{"line":197,"column":null}},"67":{"start":{"line":198,"column":18},"end":{"line":202,"column":null}},"68":{"start":{"line":203,"column":2},"end":{"line":203,"column":null}},"69":{"start":{"line":205,"column":2},"end":{"line":205,"column":null}},"70":{"start":{"line":210,"column":16},"end":{"line":210,"column":null}},"71":{"start":{"line":211,"column":24},"end":{"line":211,"column":null}},"72":{"start":{"line":212,"column":28},"end":{"line":212,"column":null}},"73":{"start":{"line":213,"column":33},"end":{"line":213,"column":null}},"74":{"start":{"line":215,"column":20},"end":{"line":221,"column":null}},"75":{"start":{"line":216,"column":4},"end":{"line":216,"column":null}},"76":{"start":{"line":216,"column":27},"end":{"line":216,"column":null}},"77":{"start":{"line":217,"column":4},"end":{"line":219,"column":null}},"78":{"start":{"line":218,"column":99},"end":{"line":218,"column":133}},"79":{"start":{"line":220,"column":4},"end":{"line":220,"column":null}},"80":{"start":{"line":223,"column":2},"end":{"line":252,"column":null}},"81":{"start":{"line":224,"column":14},"end":{"line":224,"column":null}},"82":{"start":{"line":225,"column":4},"end":{"line":232,"column":null}},"83":{"start":{"line":226,"column":6},"end":{"line":230,"column":null}},"84":{"start":{"line":226,"column":30},"end":{"line":226,"column":43}},"85":{"start":{"line":226,"column":43},"end":{"line":226,"column":57}},"86":{"start":{"line":228,"column":8},"end":{"line":228,"column":null}},"87":{"start":{"line":229,"column":8},"end":{"line":229,"column":null}},"88":{"start":{"line":231,"column":6},"end":{"line":231,"column":null}},"89":{"start":{"line":233,"column":4},"end":{"line":233,"column":null}},"90":{"start":{"line":233,"column":28},"end":{"line":233,"column":48}},"91":{"start":{"line":233,"column":48},"end":{"line":233,"column":58}},"92":{"start":{"line":234,"column":16},"end":{"line":234,"column":null}},"93":{"start":{"line":235,"column":4},"end":{"line":239,"column":null}},"94":{"start":{"line":236,"column":6},"end":{"line":236,"column":null}},"95":{"start":{"line":237,"column":6},"end":{"line":237,"column":null}},"96":{"start":{"line":238,"column":6},"end":{"line":238,"column":null}},"97":{"start":{"line":240,"column":4},"end":{"line":240,"column":null}},"98":{"start":{"line":240,"column":52},"end":{"line":240,"column":80}},"99":{"start":{"line":240,"column":80},"end":{"line":240,"column":90}},"100":{"start":{"line":241,"column":4},"end":{"line":241,"column":null}},"101":{"start":{"line":242,"column":4},"end":{"line":242,"column":null}},"102":{"start":{"line":242,"column":18},"end":{"line":242,"column":null}},"103":{"start":{"line":243,"column":15},"end":{"line":243,"column":null}},"104":{"start":{"line":244,"column":4},"end":{"line":250,"column":null}},"105":{"start":{"line":245,"column":20},"end":{"line":245,"column":null}},"106":{"start":{"line":246,"column":17},"end":{"line":246,"column":null}},"107":{"start":{"line":247,"column":17},"end":{"line":247,"column":null}},"108":{"start":{"line":248,"column":6},"end":{"line":248,"column":null}},"109":{"start":{"line":249,"column":6},"end":{"line":249,"column":null}},"110":{"start":{"line":251,"column":4},"end":{"line":251,"column":null}},"111":{"start":{"line":253,"column":2},"end":{"line":253,"column":null}},"112":{"start":{"line":254,"column":2},"end":{"line":254,"column":null}},"113":{"start":{"line":258,"column":14},"end":{"line":258,"column":null}},"114":{"start":{"line":258,"column":29},"end":{"line":258,"column":null}},"115":{"start":{"line":259,"column":13},"end":{"line":259,"column":null}},"116":{"start":{"line":260,"column":10},"end":{"line":260,"column":null}},"117":{"start":{"line":261,"column":13},"end":{"line":261,"column":null}},"118":{"start":{"line":263,"column":2},"end":{"line":270,"column":null}},"119":{"start":{"line":264,"column":4},"end":{"line":264,"column":null}},"120":{"start":{"line":264,"column":24},"end":{"line":264,"column":null}},"121":{"start":{"line":265,"column":4},"end":{"line":268,"column":null}},"122":{"start":{"line":265,"column":28},"end":{"line":265,"column":null}},"123":{"start":{"line":265,"column":53},"end":{"line":268,"column":null}},"124":{"start":{"line":266,"column":33},"end":{"line":266,"column":null}},"125":{"start":{"line":266,"column":54},"end":{"line":268,"column":null}},"126":{"start":{"line":267,"column":33},"end":{"line":267,"column":null}},"127":{"start":{"line":267,"column":175},"end":{"line":268,"column":null}},"128":{"start":{"line":268,"column":33},"end":{"line":268,"column":null}},"129":{"start":{"line":269,"column":4},"end":{"line":269,"column":null}},"130":{"start":{"line":271,"column":2},"end":{"line":271,"column":null}},"131":{"start":{"line":271,"column":26},"end":{"line":271,"column":null}},"132":{"start":{"line":272,"column":2},"end":{"line":272,"column":null}},"133":{"start":{"line":298,"column":36},"end":{"line":298,"column":null}},"134":{"start":{"line":300,"column":2},"end":{"line":383,"column":null}},"135":{"start":{"line":302,"column":4},"end":{"line":310,"column":null}},"136":{"start":{"line":303,"column":6},"end":{"line":308,"column":null}},"137":{"start":{"line":309,"column":6},"end":{"line":309,"column":null}},"138":{"start":{"line":312,"column":21},"end":{"line":312,"column":null}},"139":{"start":{"line":314,"column":19},"end":{"line":314,"column":null}},"140":{"start":{"line":315,"column":23},"end":{"line":315,"column":null}},"141":{"start":{"line":323,"column":9},"end":{"line":323,"column":null}},"142":{"start":{"line":325,"column":4},"end":{"line":349,"column":null}},"143":{"start":{"line":327,"column":6},"end":{"line":336,"column":null}},"144":{"start":{"line":328,"column":8},"end":{"line":334,"column":null}},"145":{"start":{"line":335,"column":8},"end":{"line":335,"column":null}},"146":{"start":{"line":338,"column":18},"end":{"line":338,"column":null}},"147":{"start":{"line":339,"column":17},"end":{"line":339,"column":null}},"148":{"start":{"line":340,"column":6},"end":{"line":341,"column":null}},"149":{"start":{"line":340,"column":33},"end":{"line":340,"column":null}},"150":{"start":{"line":340,"column":41},"end":{"line":341,"column":null}},"151":{"start":{"line":341,"column":27},"end":{"line":341,"column":null}},"152":{"start":{"line":342,"column":6},"end":{"line":342,"column":null}},"153":{"start":{"line":342,"column":20},"end":{"line":342,"column":null}},"154":{"start":{"line":344,"column":23},"end":{"line":344,"column":null}},"155":{"start":{"line":345,"column":6},"end":{"line":348,"column":null}},"156":{"start":{"line":346,"column":8},"end":{"line":346,"column":null}},"157":{"start":{"line":346,"column":29},"end":{"line":346,"column":null}},"158":{"start":{"line":347,"column":8},"end":{"line":347,"column":null}},"159":{"start":{"line":351,"column":34},"end":{"line":356,"column":null}},"160":{"start":{"line":357,"column":23},"end":{"line":357,"column":null}},"161":{"start":{"line":359,"column":4},"end":{"line":378,"column":null}},"162":{"start":{"line":360,"column":6},"end":{"line":360,"column":null}},"163":{"start":{"line":361,"column":6},"end":{"line":361,"column":null}},"164":{"start":{"line":362,"column":17},"end":{"line":362,"column":null}},"165":{"start":{"line":364,"column":6},"end":{"line":374,"column":null}},"166":{"start":{"line":365,"column":8},"end":{"line":365,"column":null}},"167":{"start":{"line":366,"column":8},"end":{"line":371,"column":null}},"168":{"start":{"line":372,"column":8},"end":{"line":372,"column":null}},"169":{"start":{"line":373,"column":8},"end":{"line":373,"column":null}},"170":{"start":{"line":373,"column":40},"end":{"line":373,"column":null}},"171":{"start":{"line":376,"column":6},"end":{"line":376,"column":null}},"172":{"start":{"line":377,"column":6},"end":{"line":377,"column":null}},"173":{"start":{"line":380,"column":4},"end":{"line":382,"column":null}},"174":{"start":{"line":381,"column":6},"end":{"line":381,"column":null}},"175":{"start":{"line":385,"column":2},"end":{"line":385,"column":null}},"176":{"start":{"line":393,"column":21},"end":{"line":393,"column":null}},"177":{"start":{"line":394,"column":15},"end":{"line":394,"column":null}},"178":{"start":{"line":395,"column":22},"end":{"line":395,"column":null}},"179":{"start":{"line":396,"column":2},"end":{"line":414,"column":null}},"180":{"start":{"line":398,"column":21},"end":{"line":398,"column":null}},"181":{"start":{"line":399,"column":4},"end":{"line":399,"column":null}},"182":{"start":{"line":399,"column":36},"end":{"line":399,"column":null}},"183":{"start":{"line":400,"column":4},"end":{"line":400,"column":null}},"184":{"start":{"line":400,"column":36},"end":{"line":400,"column":null}},"185":{"start":{"line":401,"column":4},"end":{"line":401,"column":null}},"186":{"start":{"line":403,"column":4},"end":{"line":413,"column":null}},"187":{"start":{"line":404,"column":6},"end":{"line":404,"column":null}},"188":{"start":{"line":409,"column":8},"end":{"line":411,"column":null}},"189":{"start":{"line":410,"column":47},"end":{"line":410,"column":53}},"190":{"start":{"line":412,"column":6},"end":{"line":412,"column":null}},"191":{"start":{"line":415,"column":2},"end":{"line":415,"column":null}},"192":{"start":{"line":423,"column":8},"end":{"line":423,"column":null}},"193":{"start":{"line":424,"column":21},"end":{"line":424,"column":null}},"194":{"start":{"line":425,"column":29},"end":{"line":425,"column":null}},"195":{"start":{"line":426,"column":16},"end":{"line":426,"column":null}},"196":{"start":{"line":427,"column":16},"end":{"line":427,"column":null}},"197":{"start":{"line":428,"column":21},"end":{"line":428,"column":null}},"198":{"start":{"line":429,"column":24},"end":{"line":429,"column":null}},"199":{"start":{"line":430,"column":17},"end":{"line":430,"column":null}},"200":{"start":{"line":431,"column":18},"end":{"line":431,"column":null}},"201":{"start":{"line":433,"column":19},"end":{"line":433,"column":null}},"202":{"start":{"line":434,"column":19},"end":{"line":434,"column":null}},"203":{"start":{"line":439,"column":2},"end":{"line":442,"column":null}},"204":{"start":{"line":440,"column":4},"end":{"line":440,"column":null}},"205":{"start":{"line":441,"column":4},"end":{"line":441,"column":null}},"206":{"start":{"line":445,"column":19},"end":{"line":445,"column":null}},"207":{"start":{"line":447,"column":8},"end":{"line":447,"column":null}},"208":{"start":{"line":450,"column":21},"end":{"line":450,"column":null}},"209":{"start":{"line":451,"column":2},"end":{"line":472,"column":null}},"210":{"start":{"line":452,"column":22},"end":{"line":452,"column":null}},"211":{"start":{"line":453,"column":19},"end":{"line":453,"column":null}},"212":{"start":{"line":454,"column":19},"end":{"line":454,"column":null}},"213":{"start":{"line":456,"column":4},"end":{"line":471,"column":null}},"214":{"start":{"line":458,"column":15},"end":{"line":458,"column":null}},"215":{"start":{"line":459,"column":15},"end":{"line":459,"column":null}},"216":{"start":{"line":460,"column":6},"end":{"line":469,"column":null}},"217":{"start":{"line":461,"column":14},"end":{"line":461,"column":null}},"218":{"start":{"line":462,"column":25},"end":{"line":462,"column":null}},"219":{"start":{"line":463,"column":21},"end":{"line":463,"column":null}},"220":{"start":{"line":464,"column":8},"end":{"line":468,"column":null}},"221":{"start":{"line":465,"column":10},"end":{"line":465,"column":null}},"222":{"start":{"line":467,"column":10},"end":{"line":467,"column":null}},"223":{"start":{"line":470,"column":6},"end":{"line":470,"column":null}},"224":{"start":{"line":474,"column":22},"end":{"line":474,"column":null}},"225":{"start":{"line":477,"column":22},"end":{"line":477,"column":null}},"226":{"start":{"line":480,"column":4},"end":{"line":482,"column":null}},"227":{"start":{"line":481,"column":56},"end":{"line":481,"column":62}},"228":{"start":{"line":484,"column":2},"end":{"line":490,"column":null}},"229":{"start":{"line":485,"column":4},"end":{"line":485,"column":null}},"230":{"start":{"line":486,"column":2},"end":{"line":490,"column":null}},"231":{"start":{"line":487,"column":4},"end":{"line":487,"column":null}},"232":{"start":{"line":489,"column":4},"end":{"line":489,"column":null}},"233":{"start":{"line":492,"column":17},"end":{"line":492,"column":null}},"234":{"start":{"line":493,"column":21},"end":{"line":493,"column":null}},"235":{"start":{"line":494,"column":22},"end":{"line":494,"column":null}},"236":{"start":{"line":496,"column":2},"end":{"line":602,"column":null}},"237":{"start":{"line":497,"column":4},"end":{"line":497,"column":null}},"238":{"start":{"line":497,"column":26},"end":{"line":497,"column":null}},"239":{"start":{"line":500,"column":21},"end":{"line":500,"column":null}},"240":{"start":{"line":501,"column":4},"end":{"line":501,"column":null}},"241":{"start":{"line":501,"column":36},"end":{"line":501,"column":null}},"242":{"start":{"line":502,"column":4},"end":{"line":502,"column":null}},"243":{"start":{"line":502,"column":36},"end":{"line":502,"column":null}},"244":{"start":{"line":503,"column":4},"end":{"line":503,"column":null}},"245":{"start":{"line":506,"column":4},"end":{"line":530,"column":null}},"246":{"start":{"line":507,"column":23},"end":{"line":510,"column":null}},"247":{"start":{"line":511,"column":18},"end":{"line":511,"column":null}},"248":{"start":{"line":512,"column":6},"end":{"line":528,"column":null}},"249":{"start":{"line":514,"column":19},"end":{"line":514,"column":null}},"250":{"start":{"line":515,"column":19},"end":{"line":515,"column":null}},"251":{"start":{"line":516,"column":8},"end":{"line":520,"column":null}},"252":{"start":{"line":517,"column":24},"end":{"line":517,"column":null}},"253":{"start":{"line":518,"column":10},"end":{"line":518,"column":null}},"254":{"start":{"line":519,"column":10},"end":{"line":519,"column":null}},"255":{"start":{"line":522,"column":21},"end":{"line":522,"column":null}},"256":{"start":{"line":523,"column":21},"end":{"line":523,"column":null}},"257":{"start":{"line":524,"column":8},"end":{"line":524,"column":null}},"258":{"start":{"line":525,"column":8},"end":{"line":525,"column":null}},"259":{"start":{"line":527,"column":8},"end":{"line":527,"column":null}},"260":{"start":{"line":529,"column":6},"end":{"line":529,"column":null}},"261":{"start":{"line":532,"column":18},"end":{"line":532,"column":null}},"262":{"start":{"line":535,"column":4},"end":{"line":553,"column":null}},"263":{"start":{"line":536,"column":19},"end":{"line":536,"column":null}},"264":{"start":{"line":537,"column":6},"end":{"line":541,"column":null}},"265":{"start":{"line":538,"column":8},"end":{"line":538,"column":null}},"266":{"start":{"line":539,"column":8},"end":{"line":539,"column":null}},"267":{"start":{"line":540,"column":8},"end":{"line":540,"column":null}},"268":{"start":{"line":542,"column":6},"end":{"line":542,"column":null}},"269":{"start":{"line":543,"column":4},"end":{"line":553,"column":null}},"270":{"start":{"line":544,"column":19},"end":{"line":544,"column":null}},"271":{"start":{"line":545,"column":6},"end":{"line":549,"column":null}},"272":{"start":{"line":546,"column":8},"end":{"line":546,"column":null}},"273":{"start":{"line":547,"column":8},"end":{"line":547,"column":null}},"274":{"start":{"line":548,"column":8},"end":{"line":548,"column":null}},"275":{"start":{"line":550,"column":6},"end":{"line":550,"column":null}},"276":{"start":{"line":552,"column":6},"end":{"line":552,"column":null}},"277":{"start":{"line":556,"column":4},"end":{"line":562,"column":null}},"278":{"start":{"line":557,"column":6},"end":{"line":557,"column":null}},"279":{"start":{"line":558,"column":6},"end":{"line":558,"column":null}},"280":{"start":{"line":559,"column":6},"end":{"line":559,"column":null}},"281":{"start":{"line":560,"column":27},"end":{"line":560,"column":null}},"282":{"start":{"line":561,"column":6},"end":{"line":561,"column":null}},"283":{"start":{"line":565,"column":4},"end":{"line":594,"column":null}},"284":{"start":{"line":567,"column":6},"end":{"line":587,"column":null}},"285":{"start":{"line":568,"column":25},"end":{"line":571,"column":null}},"286":{"start":{"line":572,"column":20},"end":{"line":572,"column":null}},"287":{"start":{"line":573,"column":8},"end":{"line":585,"column":null}},"288":{"start":{"line":574,"column":21},"end":{"line":574,"column":null}},"289":{"start":{"line":575,"column":21},"end":{"line":575,"column":null}},"290":{"start":{"line":577,"column":26},"end":{"line":577,"column":null}},"291":{"start":{"line":578,"column":10},"end":{"line":582,"column":null}},"292":{"start":{"line":579,"column":26},"end":{"line":579,"column":null}},"293":{"start":{"line":580,"column":12},"end":{"line":580,"column":null}},"294":{"start":{"line":581,"column":12},"end":{"line":581,"column":null}},"295":{"start":{"line":583,"column":10},"end":{"line":583,"column":null}},"296":{"start":{"line":584,"column":10},"end":{"line":584,"column":null}},"297":{"start":{"line":586,"column":8},"end":{"line":586,"column":null}},"298":{"start":{"line":589,"column":6},"end":{"line":589,"column":null}},"299":{"start":{"line":590,"column":6},"end":{"line":590,"column":null}},"300":{"start":{"line":591,"column":6},"end":{"line":591,"column":null}},"301":{"start":{"line":592,"column":6},"end":{"line":592,"column":null}},"302":{"start":{"line":593,"column":6},"end":{"line":593,"column":null}},"303":{"start":{"line":598,"column":6},"end":{"line":600,"column":null}},"304":{"start":{"line":599,"column":45},"end":{"line":599,"column":51}},"305":{"start":{"line":601,"column":4},"end":{"line":601,"column":null}},"306":{"start":{"line":615,"column":8},"end":{"line":615,"column":null}},"307":{"start":{"line":616,"column":19},"end":{"line":616,"column":null}},"308":{"start":{"line":617,"column":17},"end":{"line":617,"column":null}},"309":{"start":{"line":618,"column":16},"end":{"line":618,"column":null}},"310":{"start":{"line":619,"column":18},"end":{"line":619,"column":null}},"311":{"start":{"line":621,"column":19},"end":{"line":621,"column":null}},"312":{"start":{"line":622,"column":19},"end":{"line":622,"column":null}},"313":{"start":{"line":625,"column":2},"end":{"line":625,"column":null}},"314":{"start":{"line":626,"column":2},"end":{"line":626,"column":null}},"315":{"start":{"line":628,"column":2},"end":{"line":628,"column":null}},"316":{"start":{"line":628,"column":19},"end":{"line":628,"column":null}},"317":{"start":{"line":630,"column":15},"end":{"line":630,"column":null}},"318":{"start":{"line":631,"column":8},"end":{"line":631,"column":null}},"319":{"start":{"line":633,"column":18},"end":{"line":633,"column":null}},"320":{"start":{"line":634,"column":22},"end":{"line":634,"column":null}},"321":{"start":{"line":639,"column":27},"end":{"line":639,"column":null}},"322":{"start":{"line":640,"column":26},"end":{"line":640,"column":null}},"323":{"start":{"line":642,"column":2},"end":{"line":642,"column":null}},"324":{"start":{"line":643,"column":2},"end":{"line":643,"column":null}},"325":{"start":{"line":646,"column":17},"end":{"line":646,"column":null}},"326":{"start":{"line":647,"column":2},"end":{"line":653,"column":null}},"327":{"start":{"line":648,"column":16},"end":{"line":648,"column":null}},"328":{"start":{"line":649,"column":4},"end":{"line":651,"column":null}},"329":{"start":{"line":650,"column":6},"end":{"line":650,"column":null}},"330":{"start":{"line":652,"column":4},"end":{"line":652,"column":null}},"331":{"start":{"line":652,"column":26},"end":{"line":652,"column":null}},"332":{"start":{"line":655,"column":2},"end":{"line":658,"column":null}},"333":{"start":{"line":656,"column":4},"end":{"line":656,"column":null}},"334":{"start":{"line":657,"column":4},"end":{"line":657,"column":null}},"335":{"start":{"line":661,"column":21},"end":{"line":661,"column":null}},"336":{"start":{"line":662,"column":14},"end":{"line":662,"column":null}},"337":{"start":{"line":664,"column":2},"end":{"line":674,"column":null}},"338":{"start":{"line":665,"column":4},"end":{"line":665,"column":null}},"339":{"start":{"line":665,"column":33},"end":{"line":665,"column":null}},"340":{"start":{"line":667,"column":16},"end":{"line":667,"column":null}},"341":{"start":{"line":668,"column":4},"end":{"line":672,"column":null}},"342":{"start":{"line":669,"column":6},"end":{"line":669,"column":null}},"343":{"start":{"line":670,"column":6},"end":{"line":670,"column":null}},"344":{"start":{"line":671,"column":6},"end":{"line":671,"column":null}},"345":{"start":{"line":673,"column":4},"end":{"line":673,"column":null}},"346":{"start":{"line":682,"column":8},"end":{"line":682,"column":null}},"347":{"start":{"line":683,"column":15},"end":{"line":683,"column":null}},"348":{"start":{"line":684,"column":17},"end":{"line":684,"column":null}},"349":{"start":{"line":686,"column":24},"end":{"line":686,"column":null}},"350":{"start":{"line":687,"column":22},"end":{"line":687,"column":null}},"351":{"start":{"line":688,"column":18},"end":{"line":688,"column":null}},"352":{"start":{"line":689,"column":8},"end":{"line":689,"column":null}},"353":{"start":{"line":690,"column":8},"end":{"line":690,"column":null}},"354":{"start":{"line":691,"column":19},"end":{"line":691,"column":null}},"355":{"start":{"line":692,"column":19},"end":{"line":692,"column":null}},"356":{"start":{"line":694,"column":2},"end":{"line":698,"column":null}},"357":{"start":{"line":695,"column":4},"end":{"line":695,"column":null}},"358":{"start":{"line":697,"column":4},"end":{"line":697,"column":null}},"359":{"start":{"line":700,"column":2},"end":{"line":700,"column":null}},"360":{"start":{"line":701,"column":2},"end":{"line":701,"column":null}},"361":{"start":{"line":703,"column":2},"end":{"line":825,"column":null}},"362":{"start":{"line":704,"column":19},"end":{"line":704,"column":null}},"363":{"start":{"line":705,"column":20},"end":{"line":705,"column":null}},"364":{"start":{"line":706,"column":4},"end":{"line":706,"column":null}},"365":{"start":{"line":706,"column":17},"end":{"line":706,"column":null}},"366":{"start":{"line":708,"column":21},"end":{"line":708,"column":null}},"367":{"start":{"line":709,"column":4},"end":{"line":713,"column":null}},"368":{"start":{"line":710,"column":6},"end":{"line":710,"column":null}},"369":{"start":{"line":712,"column":6},"end":{"line":712,"column":null}},"370":{"start":{"line":714,"column":2},"end":{"line":825,"column":null}},"371":{"start":{"line":715,"column":20},"end":{"line":715,"column":null}},"372":{"start":{"line":716,"column":4},"end":{"line":716,"column":null}},"373":{"start":{"line":716,"column":17},"end":{"line":716,"column":null}},"374":{"start":{"line":717,"column":21},"end":{"line":717,"column":null}},"375":{"start":{"line":718,"column":4},"end":{"line":718,"column":null}},"376":{"start":{"line":719,"column":2},"end":{"line":825,"column":null}},"377":{"start":{"line":720,"column":35},"end":{"line":720,"column":null}},"378":{"start":{"line":721,"column":22},"end":{"line":721,"column":null}},"379":{"start":{"line":722,"column":25},"end":{"line":722,"column":null}},"380":{"start":{"line":725,"column":15},"end":{"line":725,"column":null}},"381":{"start":{"line":726,"column":21},"end":{"line":726,"column":null}},"382":{"start":{"line":727,"column":20},"end":{"line":727,"column":null}},"383":{"start":{"line":730,"column":25},"end":{"line":730,"column":null}},"384":{"start":{"line":731,"column":23},"end":{"line":731,"column":null}},"385":{"start":{"line":733,"column":4},"end":{"line":824,"column":null}},"386":{"start":{"line":735,"column":18},"end":{"line":735,"column":null}},"387":{"start":{"line":735,"column":40},"end":{"line":735,"column":49}},"388":{"start":{"line":736,"column":6},"end":{"line":743,"column":null}},"389":{"start":{"line":737,"column":25},"end":{"line":737,"column":null}},"390":{"start":{"line":738,"column":19},"end":{"line":738,"column":32}},"391":{"start":{"line":738,"column":37},"end":{"line":738,"column":null}},"392":{"start":{"line":739,"column":20},"end":{"line":739,"column":null}},"393":{"start":{"line":740,"column":8},"end":{"line":742,"column":null}},"394":{"start":{"line":741,"column":10},"end":{"line":741,"column":null}},"395":{"start":{"line":744,"column":6},"end":{"line":752,"column":null}},"396":{"start":{"line":745,"column":19},"end":{"line":745,"column":null}},"397":{"start":{"line":746,"column":31},"end":{"line":746,"column":null}},"398":{"start":{"line":747,"column":19},"end":{"line":747,"column":38}},"399":{"start":{"line":747,"column":43},"end":{"line":747,"column":null}},"400":{"start":{"line":748,"column":20},"end":{"line":748,"column":null}},"401":{"start":{"line":749,"column":8},"end":{"line":751,"column":null}},"402":{"start":{"line":750,"column":10},"end":{"line":750,"column":null}},"403":{"start":{"line":754,"column":6},"end":{"line":758,"column":null}},"404":{"start":{"line":754,"column":19},"end":{"line":754,"column":22}},"405":{"start":{"line":755,"column":19},"end":{"line":755,"column":null}},"406":{"start":{"line":756,"column":19},"end":{"line":756,"column":null}},"407":{"start":{"line":757,"column":8},"end":{"line":757,"column":null}},"408":{"start":{"line":760,"column":20},"end":{"line":760,"column":null}},"409":{"start":{"line":761,"column":19},"end":{"line":761,"column":null}},"410":{"start":{"line":762,"column":6},"end":{"line":781,"column":null}},"411":{"start":{"line":763,"column":8},"end":{"line":763,"column":null}},"412":{"start":{"line":764,"column":21},"end":{"line":764,"column":null}},"413":{"start":{"line":765,"column":22},"end":{"line":765,"column":null}},"414":{"start":{"line":766,"column":21},"end":{"line":766,"column":null}},"415":{"start":{"line":767,"column":21},"end":{"line":767,"column":null}},"416":{"start":{"line":768,"column":20},"end":{"line":768,"column":null}},"417":{"start":{"line":769,"column":20},"end":{"line":769,"column":null}},"418":{"start":{"line":770,"column":8},"end":{"line":777,"column":null}},"419":{"start":{"line":778,"column":6},"end":{"line":781,"column":null}},"420":{"start":{"line":779,"column":8},"end":{"line":779,"column":null}},"421":{"start":{"line":780,"column":8},"end":{"line":780,"column":null}},"422":{"start":{"line":782,"column":6},"end":{"line":801,"column":null}},"423":{"start":{"line":783,"column":8},"end":{"line":783,"column":null}},"424":{"start":{"line":784,"column":21},"end":{"line":784,"column":null}},"425":{"start":{"line":785,"column":22},"end":{"line":785,"column":null}},"426":{"start":{"line":786,"column":21},"end":{"line":786,"column":null}},"427":{"start":{"line":787,"column":21},"end":{"line":787,"column":null}},"428":{"start":{"line":788,"column":20},"end":{"line":788,"column":null}},"429":{"start":{"line":789,"column":20},"end":{"line":789,"column":null}},"430":{"start":{"line":790,"column":8},"end":{"line":797,"column":null}},"431":{"start":{"line":798,"column":6},"end":{"line":801,"column":null}},"432":{"start":{"line":799,"column":8},"end":{"line":799,"column":null}},"433":{"start":{"line":800,"column":8},"end":{"line":800,"column":null}},"434":{"start":{"line":803,"column":6},"end":{"line":803,"column":null}},"435":{"start":{"line":805,"column":6},"end":{"line":813,"column":null}},"436":{"start":{"line":806,"column":21},"end":{"line":806,"column":null}},"437":{"start":{"line":807,"column":21},"end":{"line":807,"column":null}},"438":{"start":{"line":808,"column":8},"end":{"line":808,"column":null}},"439":{"start":{"line":809,"column":8},"end":{"line":809,"column":null}},"440":{"start":{"line":810,"column":6},"end":{"line":813,"column":null}},"441":{"start":{"line":811,"column":8},"end":{"line":811,"column":null}},"442":{"start":{"line":812,"column":8},"end":{"line":812,"column":null}},"443":{"start":{"line":815,"column":6},"end":{"line":823,"column":null}},"444":{"start":{"line":816,"column":21},"end":{"line":816,"column":null}},"445":{"start":{"line":817,"column":21},"end":{"line":817,"column":null}},"446":{"start":{"line":818,"column":8},"end":{"line":818,"column":null}},"447":{"start":{"line":819,"column":8},"end":{"line":819,"column":null}},"448":{"start":{"line":820,"column":6},"end":{"line":823,"column":null}},"449":{"start":{"line":821,"column":8},"end":{"line":821,"column":null}},"450":{"start":{"line":822,"column":8},"end":{"line":822,"column":null}},"451":{"start":{"line":827,"column":2},"end":{"line":829,"column":null}},"452":{"start":{"line":828,"column":4},"end":{"line":828,"column":null}},"453":{"start":{"line":842,"column":8},"end":{"line":842,"column":null}},"454":{"start":{"line":843,"column":20},"end":{"line":843,"column":null}},"455":{"start":{"line":845,"column":19},"end":{"line":845,"column":null}},"456":{"start":{"line":847,"column":4},"end":{"line":847,"column":null}},"457":{"start":{"line":850,"column":2},"end":{"line":859,"column":null}},"458":{"start":{"line":852,"column":4},"end":{"line":852,"column":null}},"459":{"start":{"line":853,"column":2},"end":{"line":859,"column":null}},"460":{"start":{"line":856,"column":4},"end":{"line":856,"column":null}},"461":{"start":{"line":858,"column":4},"end":{"line":858,"column":null}},"462":{"start":{"line":860,"column":2},"end":{"line":860,"column":null}},"463":{"start":{"line":860,"column":16},"end":{"line":860,"column":null}},"464":{"start":{"line":862,"column":19},"end":{"line":862,"column":null}},"465":{"start":{"line":863,"column":19},"end":{"line":863,"column":null}},"466":{"start":{"line":864,"column":18},"end":{"line":864,"column":null}},"467":{"start":{"line":865,"column":15},"end":{"line":865,"column":null}},"468":{"start":{"line":866,"column":18},"end":{"line":866,"column":null}},"469":{"start":{"line":869,"column":2},"end":{"line":883,"column":null}},"470":{"start":{"line":870,"column":20},"end":{"line":870,"column":null}},"471":{"start":{"line":871,"column":15},"end":{"line":871,"column":null}},"472":{"start":{"line":872,"column":15},"end":{"line":872,"column":null}},"473":{"start":{"line":873,"column":15},"end":{"line":873,"column":null}},"474":{"start":{"line":874,"column":15},"end":{"line":874,"column":null}},"475":{"start":{"line":875,"column":4},"end":{"line":879,"column":null}},"476":{"start":{"line":876,"column":6},"end":{"line":876,"column":null}},"477":{"start":{"line":878,"column":6},"end":{"line":878,"column":null}},"478":{"start":{"line":880,"column":4},"end":{"line":880,"column":null}},"479":{"start":{"line":881,"column":4},"end":{"line":881,"column":null}},"480":{"start":{"line":881,"column":21},"end":{"line":881,"column":null}},"481":{"start":{"line":882,"column":4},"end":{"line":882,"column":null}},"482":{"start":{"line":886,"column":14},"end":{"line":886,"column":null}},"483":{"start":{"line":887,"column":17},"end":{"line":891,"column":null}},"484":{"start":{"line":888,"column":4},"end":{"line":888,"column":null}},"485":{"start":{"line":888,"column":23},"end":{"line":888,"column":null}},"486":{"start":{"line":889,"column":4},"end":{"line":889,"column":null}},"487":{"start":{"line":889,"column":24},"end":{"line":889,"column":null}},"488":{"start":{"line":890,"column":4},"end":{"line":890,"column":null}},"489":{"start":{"line":893,"column":20},"end":{"line":893,"column":null}},"490":{"start":{"line":895,"column":2},"end":{"line":898,"column":null}},"491":{"start":{"line":896,"column":4},"end":{"line":896,"column":null}},"492":{"start":{"line":897,"column":4},"end":{"line":897,"column":null}},"493":{"start":{"line":900,"column":13},"end":{"line":900,"column":null}},"494":{"start":{"line":901,"column":13},"end":{"line":901,"column":null}},"495":{"start":{"line":904,"column":2},"end":{"line":924,"column":null}},"496":{"start":{"line":905,"column":4},"end":{"line":905,"column":null}},"497":{"start":{"line":906,"column":4},"end":{"line":906,"column":null}},"498":{"start":{"line":907,"column":2},"end":{"line":924,"column":null}},"499":{"start":{"line":908,"column":4},"end":{"line":914,"column":null}},"500":{"start":{"line":909,"column":6},"end":{"line":909,"column":null}},"501":{"start":{"line":910,"column":6},"end":{"line":910,"column":null}},"502":{"start":{"line":912,"column":6},"end":{"line":912,"column":null}},"503":{"start":{"line":913,"column":6},"end":{"line":913,"column":null}},"504":{"start":{"line":917,"column":4},"end":{"line":923,"column":null}},"505":{"start":{"line":918,"column":6},"end":{"line":918,"column":null}},"506":{"start":{"line":919,"column":6},"end":{"line":919,"column":null}},"507":{"start":{"line":921,"column":6},"end":{"line":921,"column":null}},"508":{"start":{"line":922,"column":6},"end":{"line":922,"column":null}},"509":{"start":{"line":927,"column":15},"end":{"line":927,"column":null}},"510":{"start":{"line":928,"column":15},"end":{"line":928,"column":null}},"511":{"start":{"line":931,"column":2},"end":{"line":935,"column":null}},"512":{"start":{"line":932,"column":4},"end":{"line":932,"column":null}},"513":{"start":{"line":934,"column":4},"end":{"line":934,"column":null}},"514":{"start":{"line":937,"column":2},"end":{"line":937,"column":null}},"515":{"start":{"line":939,"column":2},"end":{"line":941,"column":null}},"516":{"start":{"line":940,"column":4},"end":{"line":940,"column":null}},"517":{"start":{"line":949,"column":8},"end":{"line":949,"column":null}},"518":{"start":{"line":950,"column":19},"end":{"line":950,"column":null}},"519":{"start":{"line":951,"column":16},"end":{"line":951,"column":null}},"520":{"start":{"line":952,"column":14},"end":{"line":952,"column":null}},"521":{"start":{"line":953,"column":17},"end":{"line":953,"column":null}},"522":{"start":{"line":954,"column":17},"end":{"line":954,"column":null}},"523":{"start":{"line":956,"column":19},"end":{"line":956,"column":null}},"524":{"start":{"line":957,"column":19},"end":{"line":957,"column":null}},"525":{"start":{"line":958,"column":19},"end":{"line":958,"column":null}},"526":{"start":{"line":959,"column":19},"end":{"line":959,"column":null}},"527":{"start":{"line":960,"column":19},"end":{"line":960,"column":null}},"528":{"start":{"line":961,"column":20},"end":{"line":961,"column":null}},"529":{"start":{"line":962,"column":22},"end":{"line":962,"column":null}},"530":{"start":{"line":964,"column":2},"end":{"line":964,"column":null}},"531":{"start":{"line":965,"column":2},"end":{"line":965,"column":null}},"532":{"start":{"line":968,"column":2},"end":{"line":968,"column":null}},"533":{"start":{"line":969,"column":2},"end":{"line":969,"column":null}},"534":{"start":{"line":972,"column":2},"end":{"line":972,"column":null}},"535":{"start":{"line":973,"column":2},"end":{"line":973,"column":null}},"536":{"start":{"line":974,"column":2},"end":{"line":974,"column":null}},"537":{"start":{"line":975,"column":2},"end":{"line":975,"column":null}},"538":{"start":{"line":978,"column":23},"end":{"line":1005,"column":null}},"539":{"start":{"line":984,"column":4},"end":{"line":1003,"column":null}},"540":{"start":{"line":985,"column":19},"end":{"line":985,"column":null}},"541":{"start":{"line":986,"column":18},"end":{"line":990,"column":null}},"542":{"start":{"line":991,"column":6},"end":{"line":1002,"column":null}},"543":{"start":{"line":992,"column":19},"end":{"line":992,"column":null}},"544":{"start":{"line":993,"column":19},"end":{"line":993,"column":null}},"545":{"start":{"line":994,"column":24},"end":{"line":994,"column":null}},"546":{"start":{"line":995,"column":8},"end":{"line":999,"column":null}},"547":{"start":{"line":996,"column":24},"end":{"line":996,"column":null}},"548":{"start":{"line":997,"column":10},"end":{"line":997,"column":null}},"549":{"start":{"line":998,"column":10},"end":{"line":998,"column":null}},"550":{"start":{"line":1000,"column":8},"end":{"line":1000,"column":null}},"551":{"start":{"line":1001,"column":8},"end":{"line":1001,"column":null}},"552":{"start":{"line":1004,"column":4},"end":{"line":1004,"column":null}},"553":{"start":{"line":1007,"column":2},"end":{"line":1014,"column":null}},"554":{"start":{"line":1007,"column":16},"end":{"line":1007,"column":19}},"555":{"start":{"line":1008,"column":18},"end":{"line":1008,"column":null}},"556":{"start":{"line":1009,"column":4},"end":{"line":1009,"column":null}},"557":{"start":{"line":1011,"column":4},"end":{"line":1013,"column":null}},"558":{"start":{"line":1012,"column":6},"end":{"line":1012,"column":null}},"559":{"start":{"line":1017,"column":2},"end":{"line":1017,"column":null}},"560":{"start":{"line":1020,"column":2},"end":{"line":1020,"column":null}},"561":{"start":{"line":1021,"column":2},"end":{"line":1021,"column":null}},"562":{"start":{"line":1023,"column":2},"end":{"line":1037,"column":null}},"563":{"start":{"line":1023,"column":16},"end":{"line":1023,"column":19}},"564":{"start":{"line":1024,"column":17},"end":{"line":1024,"column":null}},"565":{"start":{"line":1027,"column":4},"end":{"line":1030,"column":null}},"566":{"start":{"line":1028,"column":6},"end":{"line":1028,"column":null}},"567":{"start":{"line":1029,"column":6},"end":{"line":1029,"column":null}},"568":{"start":{"line":1032,"column":4},"end":{"line":1036,"column":null}},"569":{"start":{"line":1032,"column":18},"end":{"line":1032,"column":21}},"570":{"start":{"line":1033,"column":20},"end":{"line":1033,"column":null}},"571":{"start":{"line":1034,"column":23},"end":{"line":1034,"column":null}},"572":{"start":{"line":1035,"column":6},"end":{"line":1035,"column":null}},"573":{"start":{"line":1055,"column":2},"end":{"line":1055,"column":null}},"574":{"start":{"line":1055,"column":18},"end":{"line":1055,"column":null}},"575":{"start":{"line":1057,"column":19},"end":{"line":1057,"column":null}},"576":{"start":{"line":1058,"column":19},"end":{"line":1058,"column":null}},"577":{"start":{"line":1059,"column":19},"end":{"line":1059,"column":null}},"578":{"start":{"line":1061,"column":21},"end":{"line":1061,"column":null}},"579":{"start":{"line":1062,"column":2},"end":{"line":1064,"column":null}},"580":{"start":{"line":1063,"column":4},"end":{"line":1063,"column":null}},"581":{"start":{"line":1077,"column":19},"end":{"line":1077,"column":null}},"582":{"start":{"line":1078,"column":19},"end":{"line":1078,"column":null}},"583":{"start":{"line":1079,"column":8},"end":{"line":1079,"column":null}},"584":{"start":{"line":1081,"column":19},"end":{"line":1081,"column":null}},"585":{"start":{"line":1082,"column":16},"end":{"line":1082,"column":null}},"586":{"start":{"line":1084,"column":2},"end":{"line":1095,"column":null}},"587":{"start":{"line":1085,"column":4},"end":{"line":1085,"column":null}},"588":{"start":{"line":1086,"column":4},"end":{"line":1086,"column":null}},"589":{"start":{"line":1087,"column":4},"end":{"line":1087,"column":null}},"590":{"start":{"line":1088,"column":4},"end":{"line":1088,"column":null}},"591":{"start":{"line":1089,"column":4},"end":{"line":1089,"column":null}},"592":{"start":{"line":1090,"column":4},"end":{"line":1090,"column":null}},"593":{"start":{"line":1091,"column":4},"end":{"line":1091,"column":null}},"594":{"start":{"line":1092,"column":4},"end":{"line":1092,"column":null}},"595":{"start":{"line":1093,"column":4},"end":{"line":1093,"column":null}},"596":{"start":{"line":1094,"column":4},"end":{"line":1094,"column":null}},"597":{"start":{"line":1097,"column":15},"end":{"line":1097,"column":null}},"598":{"start":{"line":1098,"column":18},"end":{"line":1098,"column":null}},"599":{"start":{"line":1099,"column":20},"end":{"line":1099,"column":null}},"600":{"start":{"line":1101,"column":2},"end":{"line":1110,"column":null}},"601":{"start":{"line":1102,"column":20},"end":{"line":1102,"column":null}},"602":{"start":{"line":1103,"column":15},"end":{"line":1103,"column":null}},"603":{"start":{"line":1104,"column":15},"end":{"line":1104,"column":null}},"604":{"start":{"line":1105,"column":15},"end":{"line":1105,"column":null}},"605":{"start":{"line":1106,"column":15},"end":{"line":1106,"column":null}},"606":{"start":{"line":1107,"column":4},"end":{"line":1107,"column":null}},"607":{"start":{"line":1109,"column":4},"end":{"line":1109,"column":null}},"608":{"start":{"line":1118,"column":19},"end":{"line":1118,"column":null}},"609":{"start":{"line":1119,"column":19},"end":{"line":1119,"column":null}},"610":{"start":{"line":1121,"column":2},"end":{"line":1121,"column":null}},"611":{"start":{"line":1122,"column":2},"end":{"line":1122,"column":null}},"612":{"start":{"line":1124,"column":2},"end":{"line":1124,"column":null}},"613":{"start":{"line":1125,"column":2},"end":{"line":1125,"column":null}},"614":{"start":{"line":1126,"column":2},"end":{"line":1126,"column":null}},"615":{"start":{"line":1128,"column":2},"end":{"line":1128,"column":null}},"616":{"start":{"line":1129,"column":2},"end":{"line":1129,"column":null}},"617":{"start":{"line":1130,"column":2},"end":{"line":1130,"column":null}},"618":{"start":{"line":1131,"column":2},"end":{"line":1131,"column":null}},"619":{"start":{"line":1139,"column":19},"end":{"line":1139,"column":null}},"620":{"start":{"line":1140,"column":19},"end":{"line":1140,"column":null}},"621":{"start":{"line":1142,"column":2},"end":{"line":1142,"column":null}},"622":{"start":{"line":1143,"column":2},"end":{"line":1143,"column":null}},"623":{"start":{"line":1145,"column":2},"end":{"line":1145,"column":null}},"624":{"start":{"line":1146,"column":2},"end":{"line":1146,"column":null}},"625":{"start":{"line":1147,"column":2},"end":{"line":1147,"column":null}},"626":{"start":{"line":1149,"column":2},"end":{"line":1149,"column":null}},"627":{"start":{"line":1150,"column":2},"end":{"line":1150,"column":null}},"628":{"start":{"line":1151,"column":2},"end":{"line":1151,"column":null}},"629":{"start":{"line":1152,"column":2},"end":{"line":1152,"column":null}},"630":{"start":{"line":1156,"column":19},"end":{"line":1156,"column":null}},"631":{"start":{"line":1157,"column":19},"end":{"line":1157,"column":null}},"632":{"start":{"line":1159,"column":2},"end":{"line":1159,"column":null}},"633":{"start":{"line":1160,"column":2},"end":{"line":1160,"column":null}},"634":{"start":{"line":1162,"column":2},"end":{"line":1162,"column":null}},"635":{"start":{"line":1163,"column":2},"end":{"line":1163,"column":null}},"636":{"start":{"line":1164,"column":2},"end":{"line":1164,"column":null}},"637":{"start":{"line":1166,"column":2},"end":{"line":1166,"column":null}},"638":{"start":{"line":1167,"column":2},"end":{"line":1167,"column":null}},"639":{"start":{"line":1168,"column":2},"end":{"line":1168,"column":null}},"640":{"start":{"line":1169,"column":2},"end":{"line":1169,"column":null}},"641":{"start":{"line":1185,"column":13},"end":{"line":1185,"column":null}},"642":{"start":{"line":1186,"column":18},"end":{"line":1186,"column":null}},"643":{"start":{"line":1187,"column":2},"end":{"line":1187,"column":null}},"644":{"start":{"line":1188,"column":2},"end":{"line":1188,"column":null}},"645":{"start":{"line":1191,"column":2},"end":{"line":1204,"column":null}},"646":{"start":{"line":1192,"column":21},"end":{"line":1192,"column":null}},"647":{"start":{"line":1194,"column":6},"end":{"line":1194,"column":null}},"648":{"start":{"line":1196,"column":4},"end":{"line":1200,"column":null}},"649":{"start":{"line":1197,"column":6},"end":{"line":1197,"column":null}},"650":{"start":{"line":1199,"column":6},"end":{"line":1199,"column":null}},"651":{"start":{"line":1201,"column":4},"end":{"line":1203,"column":null}},"652":{"start":{"line":1202,"column":6},"end":{"line":1202,"column":null}},"653":{"start":{"line":1207,"column":2},"end":{"line":1278,"column":null}},"654":{"start":{"line":1208,"column":21},"end":{"line":1208,"column":null}},"655":{"start":{"line":1209,"column":4},"end":{"line":1214,"column":null}},"656":{"start":{"line":1210,"column":6},"end":{"line":1210,"column":null}},"657":{"start":{"line":1211,"column":17},"end":{"line":1211,"column":null}},"658":{"start":{"line":1212,"column":17},"end":{"line":1212,"column":null}},"659":{"start":{"line":1213,"column":6},"end":{"line":1213,"column":null}},"660":{"start":{"line":1216,"column":4},"end":{"line":1273,"column":null}},"661":{"start":{"line":1218,"column":8},"end":{"line":1218,"column":null}},"662":{"start":{"line":1219,"column":8},"end":{"line":1219,"column":null}},"663":{"start":{"line":1221,"column":8},"end":{"line":1221,"column":null}},"664":{"start":{"line":1222,"column":8},"end":{"line":1222,"column":null}},"665":{"start":{"line":1224,"column":8},"end":{"line":1224,"column":null}},"666":{"start":{"line":1225,"column":8},"end":{"line":1225,"column":null}},"667":{"start":{"line":1227,"column":8},"end":{"line":1227,"column":null}},"668":{"start":{"line":1228,"column":8},"end":{"line":1228,"column":null}},"669":{"start":{"line":1230,"column":8},"end":{"line":1230,"column":null}},"670":{"start":{"line":1231,"column":8},"end":{"line":1231,"column":null}},"671":{"start":{"line":1233,"column":8},"end":{"line":1233,"column":null}},"672":{"start":{"line":1234,"column":8},"end":{"line":1234,"column":null}},"673":{"start":{"line":1236,"column":8},"end":{"line":1236,"column":null}},"674":{"start":{"line":1237,"column":8},"end":{"line":1237,"column":null}},"675":{"start":{"line":1239,"column":8},"end":{"line":1239,"column":null}},"676":{"start":{"line":1240,"column":8},"end":{"line":1240,"column":null}},"677":{"start":{"line":1242,"column":8},"end":{"line":1242,"column":null}},"678":{"start":{"line":1243,"column":8},"end":{"line":1243,"column":null}},"679":{"start":{"line":1245,"column":8},"end":{"line":1245,"column":null}},"680":{"start":{"line":1246,"column":8},"end":{"line":1246,"column":null}},"681":{"start":{"line":1248,"column":22},"end":{"line":1248,"column":null}},"682":{"start":{"line":1249,"column":21},"end":{"line":1249,"column":null}},"683":{"start":{"line":1250,"column":8},"end":{"line":1270,"column":null}},"684":{"start":{"line":1251,"column":16},"end":{"line":1251,"column":null}},"685":{"start":{"line":1252,"column":21},"end":{"line":1252,"column":null}},"686":{"start":{"line":1253,"column":21},"end":{"line":1253,"column":null}},"687":{"start":{"line":1254,"column":10},"end":{"line":1269,"column":null}},"688":{"start":{"line":1255,"column":26},"end":{"line":1255,"column":null}},"689":{"start":{"line":1256,"column":12},"end":{"line":1259,"column":null}},"690":{"start":{"line":1260,"column":12},"end":{"line":1260,"column":null}},"691":{"start":{"line":1261,"column":12},"end":{"line":1268,"column":null}},"692":{"start":{"line":1262,"column":27},"end":{"line":1262,"column":76}},"693":{"start":{"line":1262,"column":76},"end":{"line":1262,"column":null}},"694":{"start":{"line":1263,"column":27},"end":{"line":1263,"column":76}},"695":{"start":{"line":1263,"column":76},"end":{"line":1263,"column":null}},"696":{"start":{"line":1264,"column":28},"end":{"line":1264,"column":73}},"697":{"start":{"line":1264,"column":73},"end":{"line":1264,"column":null}},"698":{"start":{"line":1265,"column":28},"end":{"line":1265,"column":88}},"699":{"start":{"line":1265,"column":88},"end":{"line":1265,"column":null}},"700":{"start":{"line":1266,"column":28},"end":{"line":1266,"column":73}},"701":{"start":{"line":1266,"column":73},"end":{"line":1266,"column":null}},"702":{"start":{"line":1267,"column":27},"end":{"line":1267,"column":85}},"703":{"start":{"line":1267,"column":85},"end":{"line":1267,"column":null}},"704":{"start":{"line":1271,"column":8},"end":{"line":1271,"column":null}},"705":{"start":{"line":1275,"column":4},"end":{"line":1277,"column":null}},"706":{"start":{"line":1276,"column":6},"end":{"line":1276,"column":null}},"707":{"start":{"line":1281,"column":19},"end":{"line":1281,"column":null}},"708":{"start":{"line":1282,"column":2},"end":{"line":1313,"column":null}},"709":{"start":{"line":1283,"column":16},"end":{"line":1283,"column":null}},"710":{"start":{"line":1284,"column":19},"end":{"line":1284,"column":null}},"711":{"start":{"line":1285,"column":21},"end":{"line":1285,"column":null}},"712":{"start":{"line":1286,"column":18},"end":{"line":1286,"column":null}},"713":{"start":{"line":1287,"column":23},"end":{"line":1287,"column":null}},"714":{"start":{"line":1288,"column":20},"end":{"line":1288,"column":null}},"715":{"start":{"line":1289,"column":17},"end":{"line":1291,"column":null}},"716":{"start":{"line":1293,"column":4},"end":{"line":1293,"column":null}},"717":{"start":{"line":1295,"column":4},"end":{"line":1295,"column":null}},"718":{"start":{"line":1296,"column":4},"end":{"line":1296,"column":null}},"719":{"start":{"line":1297,"column":4},"end":{"line":1297,"column":null}},"720":{"start":{"line":1298,"column":4},"end":{"line":1298,"column":null}},"721":{"start":{"line":1300,"column":22},"end":{"line":1300,"column":null}},"722":{"start":{"line":1304,"column":4},"end":{"line":1305,"column":null}},"723":{"start":{"line":1304,"column":34},"end":{"line":1304,"column":null}},"724":{"start":{"line":1305,"column":9},"end":{"line":1305,"column":null}},"725":{"start":{"line":1307,"column":4},"end":{"line":1309,"column":null}},"726":{"start":{"line":1307,"column":31},"end":{"line":1307,"column":null}},"727":{"start":{"line":1307,"column":59},"end":{"line":1309,"column":null}},"728":{"start":{"line":1308,"column":35},"end":{"line":1308,"column":null}},"729":{"start":{"line":1309,"column":9},"end":{"line":1309,"column":null}},"730":{"start":{"line":1311,"column":4},"end":{"line":1311,"column":null}},"731":{"start":{"line":1312,"column":4},"end":{"line":1312,"column":null}},"732":{"start":{"line":1325,"column":14},"end":{"line":1330,"column":null}},"733":{"start":{"line":1332,"column":17},"end":{"line":1332,"column":null}},"734":{"start":{"line":1332,"column":43},"end":{"line":1332,"column":52}},"735":{"start":{"line":1333,"column":21},"end":{"line":1333,"column":null}},"736":{"start":{"line":1335,"column":2},"end":{"line":1339,"column":null}},"737":{"start":{"line":1335,"column":15},"end":{"line":1335,"column":18}},"738":{"start":{"line":1336,"column":4},"end":{"line":1336,"column":null}},"739":{"start":{"line":1336,"column":15},"end":{"line":1336,"column":null}},"740":{"start":{"line":1337,"column":4},"end":{"line":1337,"column":null}},"741":{"start":{"line":1338,"column":4},"end":{"line":1338,"column":null}},"742":{"start":{"line":1341,"column":2},"end":{"line":1341,"column":null}},"743":{"start":{"line":1349,"column":14},"end":{"line":1349,"column":null}},"744":{"start":{"line":1350,"column":8},"end":{"line":1353,"column":null}},"745":{"start":{"line":1354,"column":2},"end":{"line":1354,"column":null}}},"fnMap":{"0":{"name":"detectImageFormat","decl":{"start":{"line":59,"column":9},"end":{"line":59,"column":27}},"loc":{"start":{"line":59,"column":52},"end":{"line":65,"column":null}},"line":59},"1":{"name":"containsNonLatin","decl":{"start":{"line":72,"column":9},"end":{"line":72,"column":26}},"loc":{"start":{"line":72,"column":49},"end":{"line":74,"column":null}},"line":72},"2":{"name":"mapFont","decl":{"start":{"line":78,"column":9},"end":{"line":78,"column":17}},"loc":{"start":{"line":78,"column":45},"end":{"line":88,"column":null}},"line":78},"3":{"name":"setFillColor","decl":{"start":{"line":92,"column":9},"end":{"line":92,"column":22}},"loc":{"start":{"line":92,"column":53},"end":{"line":95,"column":null}},"line":92},"4":{"name":"setDrawColor","decl":{"start":{"line":97,"column":9},"end":{"line":97,"column":22}},"loc":{"start":{"line":97,"column":53},"end":{"line":100,"column":null}},"line":97},"5":{"name":"setTextColor","decl":{"start":{"line":102,"column":9},"end":{"line":102,"column":22}},"loc":{"start":{"line":102,"column":53},"end":{"line":105,"column":null}},"line":102},"6":{"name":"applyRotation","decl":{"start":{"line":111,"column":9},"end":{"line":111,"column":null}},"loc":{"start":{"line":116,"column":8},"end":{"line":131,"column":null}},"line":116},"7":{"name":"(anonymous_7)","decl":{"start":{"line":126,"column":12},"end":{"line":126,"column":13}},"loc":{"start":{"line":126,"column":27},"end":{"line":126,"column":null}},"line":126},"8":{"name":"drawTextAsRaster","decl":{"start":{"line":141,"column":15},"end":{"line":141,"column":null}},"loc":{"start":{"line":145,"column":17},"end":{"line":206,"column":null}},"line":145},"9":{"name":"rasterMdToHtml","decl":{"start":{"line":209,"column":9},"end":{"line":209,"column":24}},"loc":{"start":{"line":209,"column":64},"end":{"line":255,"column":null}},"line":209},"10":{"name":"(anonymous_10)","decl":{"start":{"line":215,"column":20},"end":{"line":215,"column":26}},"loc":{"start":{"line":215,"column":26},"end":{"line":221,"column":null}},"line":215},"11":{"name":"(anonymous_11)","decl":{"start":{"line":218,"column":91},"end":{"line":218,"column":92}},"loc":{"start":{"line":218,"column":99},"end":{"line":218,"column":133}},"line":218},"12":{"name":"rasterInlineHtml","decl":{"start":{"line":257,"column":9},"end":{"line":257,"column":26}},"loc":{"start":{"line":257,"column":48},"end":{"line":273,"column":null}},"line":257},"13":{"name":"(anonymous_13)","decl":{"start":{"line":258,"column":14},"end":{"line":258,"column":15}},"loc":{"start":{"line":258,"column":29},"end":{"line":258,"column":null}},"line":258},"14":{"name":"layoutText","decl":{"start":{"line":291,"column":9},"end":{"line":291,"column":null}},"loc":{"start":{"line":297,"column":16},"end":{"line":386,"column":null}},"line":297},"15":{"name":"computeTextHeight","decl":{"start":{"line":388,"column":9},"end":{"line":388,"column":null}},"loc":{"start":{"line":392,"column":10},"end":{"line":416,"column":null}},"line":392},"16":{"name":"(anonymous_16)","decl":{"start":{"line":410,"column":40},"end":{"line":410,"column":41}},"loc":{"start":{"line":410,"column":47},"end":{"line":410,"column":53}},"line":410},"17":{"name":"drawText","decl":{"start":{"line":418,"column":15},"end":{"line":418,"column":null}},"loc":{"start":{"line":422,"column":17},"end":{"line":603,"column":null}},"line":422},"18":{"name":"(anonymous_18)","decl":{"start":{"line":481,"column":49},"end":{"line":481,"column":50}},"loc":{"start":{"line":481,"column":56},"end":{"line":481,"column":62}},"line":481},"19":{"name":"(anonymous_19)","decl":{"start":{"line":599,"column":38},"end":{"line":599,"column":39}},"loc":{"start":{"line":599,"column":45},"end":{"line":599,"column":51}},"line":599},"20":{"name":"drawCode","decl":{"start":{"line":610,"column":15},"end":{"line":610,"column":null}},"loc":{"start":{"line":614,"column":17},"end":{"line":675,"column":null}},"line":614},"21":{"name":"drawShape","decl":{"start":{"line":681,"column":9},"end":{"line":681,"column":19}},"loc":{"start":{"line":681,"column":67},"end":{"line":830,"column":null}},"line":681},"22":{"name":"(anonymous_22)","decl":{"start":{"line":735,"column":32},"end":{"line":735,"column":33}},"loc":{"start":{"line":735,"column":40},"end":{"line":735,"column":49}},"line":735},"23":{"name":"drawImage","decl":{"start":{"line":836,"column":15},"end":{"line":836,"column":null}},"loc":{"start":{"line":841,"column":17},"end":{"line":942,"column":null}},"line":841},"24":{"name":"(anonymous_24)","decl":{"start":{"line":887,"column":44},"end":{"line":887,"column":45}},"loc":{"start":{"line":887,"column":57},"end":{"line":891,"column":3}},"line":887},"25":{"name":"(anonymous_25)","decl":{"start":{"line":888,"column":17},"end":{"line":888,"column":23}},"loc":{"start":{"line":888,"column":23},"end":{"line":888,"column":null}},"line":888},"26":{"name":"(anonymous_26)","decl":{"start":{"line":889,"column":18},"end":{"line":889,"column":24}},"loc":{"start":{"line":889,"column":24},"end":{"line":889,"column":null}},"line":889},"27":{"name":"drawTable","decl":{"start":{"line":948,"column":15},"end":{"line":948,"column":25}},"loc":{"start":{"line":948,"column":82},"end":{"line":1038,"column":null}},"line":948},"28":{"name":"(anonymous_28)","decl":{"start":{"line":978,"column":23},"end":{"line":978,"column":null}},"loc":{"start":{"line":983,"column":7},"end":{"line":1005,"column":null}},"line":983},"29":{"name":"drawTikZ","decl":{"start":{"line":1049,"column":15},"end":{"line":1049,"column":null}},"loc":{"start":{"line":1054,"column":17},"end":{"line":1065,"column":null}},"line":1054},"30":{"name":"drawVideo","decl":{"start":{"line":1071,"column":15},"end":{"line":1071,"column":null}},"loc":{"start":{"line":1076,"column":17},"end":{"line":1111,"column":null}},"line":1076},"31":{"name":"drawCustomPlaceholder","decl":{"start":{"line":1117,"column":9},"end":{"line":1117,"column":31}},"loc":{"start":{"line":1117,"column":67},"end":{"line":1132,"column":null}},"line":1117},"32":{"name":"drawScene3DPlaceholder","decl":{"start":{"line":1138,"column":9},"end":{"line":1138,"column":32}},"loc":{"start":{"line":1138,"column":68},"end":{"line":1153,"column":null}},"line":1138},"33":{"name":"drawMermaidPlaceholder","decl":{"start":{"line":1155,"column":9},"end":{"line":1155,"column":32}},"loc":{"start":{"line":1155,"column":68},"end":{"line":1170,"column":null}},"line":1155},"34":{"name":"renderSlide","decl":{"start":{"line":1176,"column":15},"end":{"line":1176,"column":null}},"loc":{"start":{"line":1183,"column":17},"end":{"line":1314,"column":null}},"line":1183},"35":{"name":"buildNativePdf","decl":{"start":{"line":1320,"column":22},"end":{"line":1320,"column":null}},"loc":{"start":{"line":1324,"column":18},"end":{"line":1342,"column":null}},"line":1324},"36":{"name":"(anonymous_36)","decl":{"start":{"line":1332,"column":36},"end":{"line":1332,"column":37}},"loc":{"start":{"line":1332,"column":43},"end":{"line":1332,"column":52}},"line":1332},"37":{"name":"exportToNativePdf","decl":{"start":{"line":1344,"column":22},"end":{"line":1344,"column":null}},"loc":{"start":{"line":1348,"column":17},"end":{"line":1355,"column":null}},"line":1348}},"branchMap":{"0":{"loc":{"start":{"line":61,"column":2},"end":{"line":61,"column":null}},"type":"if","locations":[{"start":{"line":61,"column":2},"end":{"line":61,"column":null}},{"start":{},"end":{}}],"line":61},"1":{"loc":{"start":{"line":63,"column":2},"end":{"line":63,"column":null}},"type":"if","locations":[{"start":{"line":63,"column":2},"end":{"line":63,"column":null}},{"start":{},"end":{}}],"line":63},"2":{"loc":{"start":{"line":80,"column":2},"end":{"line":85,"column":null}},"type":"if","locations":[{"start":{"line":80,"column":2},"end":{"line":85,"column":null}},{"start":{},"end":{}}],"line":80},"3":{"loc":{"start":{"line":81,"column":4},"end":{"line":83,"column":null}},"type":"binary-expr","locations":[{"start":{"line":81,"column":4},"end":{"line":81,"column":null}},{"start":{"line":82,"column":4},"end":{"line":82,"column":null}},{"start":{"line":83,"column":4},"end":{"line":83,"column":null}}],"line":81},"4":{"loc":{"start":{"line":86,"column":2},"end":{"line":86,"column":null}},"type":"if","locations":[{"start":{"line":86,"column":2},"end":{"line":86,"column":null}},{"start":{},"end":{}}],"line":86},"5":{"loc":{"start":{"line":86,"column":6},"end":{"line":86,"column":58}},"type":"binary-expr","locations":[{"start":{"line":86,"column":6},"end":{"line":86,"column":33}},{"start":{"line":86,"column":33},"end":{"line":86,"column":58}}],"line":86},"6":{"loc":{"start":{"line":147,"column":15},"end":{"line":147,"column":null}},"type":"binary-expr","locations":[{"start":{"line":147,"column":15},"end":{"line":147,"column":31}},{"start":{"line":147,"column":31},"end":{"line":147,"column":null}}],"line":147},"7":{"loc":{"start":{"line":148,"column":15},"end":{"line":148,"column":null}},"type":"binary-expr","locations":[{"start":{"line":148,"column":15},"end":{"line":148,"column":29}},{"start":{"line":148,"column":29},"end":{"line":148,"column":null}}],"line":148},"8":{"loc":{"start":{"line":149,"column":16},"end":{"line":149,"column":null}},"type":"binary-expr","locations":[{"start":{"line":149,"column":16},"end":{"line":149,"column":27}},{"start":{"line":149,"column":27},"end":{"line":149,"column":null}}],"line":149},"9":{"loc":{"start":{"line":150,"column":19},"end":{"line":150,"column":null}},"type":"binary-expr","locations":[{"start":{"line":150,"column":19},"end":{"line":150,"column":34}},{"start":{"line":150,"column":34},"end":{"line":150,"column":null}}],"line":150},"10":{"loc":{"start":{"line":151,"column":13},"end":{"line":151,"column":null}},"type":"binary-expr","locations":[{"start":{"line":151,"column":13},"end":{"line":151,"column":29}},{"start":{"line":151,"column":29},"end":{"line":151,"column":null}}],"line":151},"11":{"loc":{"start":{"line":152,"column":13},"end":{"line":152,"column":null}},"type":"binary-expr","locations":[{"start":{"line":152,"column":13},"end":{"line":152,"column":32}},{"start":{"line":152,"column":32},"end":{"line":152,"column":null}}],"line":152},"12":{"loc":{"start":{"line":153,"column":17},"end":{"line":153,"column":null}},"type":"binary-expr","locations":[{"start":{"line":153,"column":17},"end":{"line":153,"column":33}},{"start":{"line":153,"column":33},"end":{"line":153,"column":null}}],"line":153},"13":{"loc":{"start":{"line":179,"column":2},"end":{"line":192,"column":null}},"type":"if","locations":[{"start":{"line":179,"column":2},"end":{"line":192,"column":null}},{"start":{},"end":{}}],"line":179},"14":{"loc":{"start":{"line":181,"column":4},"end":{"line":191,"column":null}},"type":"if","locations":[{"start":{"line":181,"column":4},"end":{"line":191,"column":null}},{"start":{},"end":{}}],"line":181},"15":{"loc":{"start":{"line":187,"column":8},"end":{"line":188,"column":null}},"type":"if","locations":[{"start":{"line":187,"column":8},"end":{"line":188,"column":null}},{"start":{"line":188,"column":13},"end":{"line":188,"column":null}}],"line":187},"16":{"loc":{"start":{"line":216,"column":4},"end":{"line":216,"column":null}},"type":"if","locations":[{"start":{"line":216,"column":4},"end":{"line":216,"column":null}},{"start":{},"end":{}}],"line":216},"17":{"loc":{"start":{"line":225,"column":4},"end":{"line":232,"column":null}},"type":"if","locations":[{"start":{"line":225,"column":4},"end":{"line":232,"column":null}},{"start":{},"end":{}}],"line":225},"18":{"loc":{"start":{"line":226,"column":6},"end":{"line":230,"column":null}},"type":"if","locations":[{"start":{"line":226,"column":6},"end":{"line":230,"column":null}},{"start":{"line":227,"column":11},"end":{"line":230,"column":null}}],"line":226},"19":{"loc":{"start":{"line":233,"column":4},"end":{"line":233,"column":null}},"type":"if","locations":[{"start":{"line":233,"column":4},"end":{"line":233,"column":null}},{"start":{},"end":{}}],"line":233},"20":{"loc":{"start":{"line":235,"column":4},"end":{"line":239,"column":null}},"type":"if","locations":[{"start":{"line":235,"column":4},"end":{"line":239,"column":null}},{"start":{},"end":{}}],"line":235},"21":{"loc":{"start":{"line":240,"column":4},"end":{"line":240,"column":null}},"type":"if","locations":[{"start":{"line":240,"column":4},"end":{"line":240,"column":null}},{"start":{},"end":{}}],"line":240},"22":{"loc":{"start":{"line":240,"column":8},"end":{"line":240,"column":50}},"type":"binary-expr","locations":[{"start":{"line":240,"column":8},"end":{"line":240,"column":30}},{"start":{"line":240,"column":30},"end":{"line":240,"column":50}}],"line":240},"23":{"loc":{"start":{"line":242,"column":4},"end":{"line":242,"column":null}},"type":"if","locations":[{"start":{"line":242,"column":4},"end":{"line":242,"column":null}},{"start":{},"end":{}}],"line":242},"24":{"loc":{"start":{"line":244,"column":4},"end":{"line":250,"column":null}},"type":"if","locations":[{"start":{"line":244,"column":4},"end":{"line":250,"column":null}},{"start":{},"end":{}}],"line":244},"25":{"loc":{"start":{"line":264,"column":4},"end":{"line":264,"column":null}},"type":"if","locations":[{"start":{"line":264,"column":4},"end":{"line":264,"column":null}},{"start":{},"end":{}}],"line":264},"26":{"loc":{"start":{"line":265,"column":4},"end":{"line":268,"column":null}},"type":"if","locations":[{"start":{"line":265,"column":4},"end":{"line":268,"column":null}},{"start":{"line":265,"column":53},"end":{"line":268,"column":null}}],"line":265},"27":{"loc":{"start":{"line":265,"column":53},"end":{"line":268,"column":null}},"type":"if","locations":[{"start":{"line":265,"column":53},"end":{"line":268,"column":null}},{"start":{"line":266,"column":54},"end":{"line":268,"column":null}}],"line":265},"28":{"loc":{"start":{"line":266,"column":54},"end":{"line":268,"column":null}},"type":"if","locations":[{"start":{"line":266,"column":54},"end":{"line":268,"column":null}},{"start":{"line":267,"column":175},"end":{"line":268,"column":null}}],"line":266},"29":{"loc":{"start":{"line":267,"column":175},"end":{"line":268,"column":null}},"type":"if","locations":[{"start":{"line":267,"column":175},"end":{"line":268,"column":null}},{"start":{},"end":{}}],"line":267},"30":{"loc":{"start":{"line":271,"column":2},"end":{"line":271,"column":null}},"type":"if","locations":[{"start":{"line":271,"column":2},"end":{"line":271,"column":null}},{"start":{},"end":{}}],"line":271},"31":{"loc":{"start":{"line":302,"column":4},"end":{"line":310,"column":null}},"type":"if","locations":[{"start":{"line":302,"column":4},"end":{"line":310,"column":null}},{"start":{},"end":{}}],"line":302},"32":{"loc":{"start":{"line":314,"column":19},"end":{"line":314,"column":null}},"type":"cond-expr","locations":[{"start":{"line":314,"column":38},"end":{"line":314,"column":67}},{"start":{"line":314,"column":67},"end":{"line":314,"column":null}}],"line":314},"33":{"loc":{"start":{"line":327,"column":6},"end":{"line":336,"column":null}},"type":"if","locations":[{"start":{"line":327,"column":6},"end":{"line":336,"column":null}},{"start":{},"end":{}}],"line":327},"34":{"loc":{"start":{"line":340,"column":6},"end":{"line":341,"column":null}},"type":"if","locations":[{"start":{"line":340,"column":6},"end":{"line":341,"column":null}},{"start":{"line":340,"column":41},"end":{"line":341,"column":null}}],"line":340},"35":{"loc":{"start":{"line":340,"column":10},"end":{"line":340,"column":33}},"type":"binary-expr","locations":[{"start":{"line":340,"column":10},"end":{"line":340,"column":23}},{"start":{"line":340,"column":23},"end":{"line":340,"column":33}}],"line":340},"36":{"loc":{"start":{"line":340,"column":41},"end":{"line":341,"column":null}},"type":"if","locations":[{"start":{"line":340,"column":41},"end":{"line":341,"column":null}},{"start":{},"end":{}}],"line":340},"37":{"loc":{"start":{"line":342,"column":6},"end":{"line":342,"column":null}},"type":"if","locations":[{"start":{"line":342,"column":6},"end":{"line":342,"column":null}},{"start":{},"end":{}}],"line":342},"38":{"loc":{"start":{"line":346,"column":8},"end":{"line":346,"column":null}},"type":"if","locations":[{"start":{"line":346,"column":8},"end":{"line":346,"column":null}},{"start":{},"end":{}}],"line":346},"39":{"loc":{"start":{"line":364,"column":6},"end":{"line":374,"column":null}},"type":"if","locations":[{"start":{"line":364,"column":6},"end":{"line":374,"column":null}},{"start":{},"end":{}}],"line":364},"40":{"loc":{"start":{"line":364,"column":10},"end":{"line":364,"column":77}},"type":"binary-expr","locations":[{"start":{"line":364,"column":10},"end":{"line":364,"column":44}},{"start":{"line":364,"column":44},"end":{"line":364,"column":77}}],"line":364},"41":{"loc":{"start":{"line":373,"column":8},"end":{"line":373,"column":null}},"type":"if","locations":[{"start":{"line":373,"column":8},"end":{"line":373,"column":null}},{"start":{},"end":{}}],"line":373},"42":{"loc":{"start":{"line":380,"column":4},"end":{"line":382,"column":null}},"type":"if","locations":[{"start":{"line":380,"column":4},"end":{"line":382,"column":null}},{"start":{},"end":{}}],"line":380},"43":{"loc":{"start":{"line":398,"column":21},"end":{"line":398,"column":null}},"type":"binary-expr","locations":[{"start":{"line":398,"column":21},"end":{"line":398,"column":35}},{"start":{"line":398,"column":35},"end":{"line":398,"column":52}},{"start":{"line":398,"column":52},"end":{"line":398,"column":null}}],"line":398},"44":{"loc":{"start":{"line":399,"column":4},"end":{"line":399,"column":null}},"type":"if","locations":[{"start":{"line":399,"column":4},"end":{"line":399,"column":null}},{"start":{},"end":{}}],"line":399},"45":{"loc":{"start":{"line":399,"column":8},"end":{"line":399,"column":36}},"type":"binary-expr","locations":[{"start":{"line":399,"column":8},"end":{"line":399,"column":20}},{"start":{"line":399,"column":20},"end":{"line":399,"column":36}}],"line":399},"46":{"loc":{"start":{"line":400,"column":4},"end":{"line":400,"column":null}},"type":"if","locations":[{"start":{"line":400,"column":4},"end":{"line":400,"column":null}},{"start":{},"end":{}}],"line":400},"47":{"loc":{"start":{"line":400,"column":8},"end":{"line":400,"column":36}},"type":"binary-expr","locations":[{"start":{"line":400,"column":8},"end":{"line":400,"column":21}},{"start":{"line":400,"column":21},"end":{"line":400,"column":36}}],"line":400},"48":{"loc":{"start":{"line":403,"column":4},"end":{"line":413,"column":null}},"type":"if","locations":[{"start":{"line":403,"column":4},"end":{"line":413,"column":null}},{"start":{"line":405,"column":11},"end":{"line":413,"column":null}}],"line":403},"49":{"loc":{"start":{"line":409,"column":8},"end":{"line":411,"column":null}},"type":"cond-expr","locations":[{"start":{"line":410,"column":12},"end":{"line":410,"column":null}},{"start":{"line":411,"column":12},"end":{"line":411,"column":null}}],"line":409},"50":{"loc":{"start":{"line":424,"column":21},"end":{"line":424,"column":null}},"type":"binary-expr","locations":[{"start":{"line":424,"column":21},"end":{"line":424,"column":37}},{"start":{"line":424,"column":37},"end":{"line":424,"column":null}}],"line":424},"51":{"loc":{"start":{"line":425,"column":29},"end":{"line":425,"column":null}},"type":"binary-expr","locations":[{"start":{"line":425,"column":29},"end":{"line":425,"column":43}},{"start":{"line":425,"column":43},"end":{"line":425,"column":null}}],"line":425},"52":{"loc":{"start":{"line":426,"column":16},"end":{"line":426,"column":null}},"type":"binary-expr","locations":[{"start":{"line":426,"column":16},"end":{"line":426,"column":27}},{"start":{"line":426,"column":27},"end":{"line":426,"column":null}}],"line":426},"53":{"loc":{"start":{"line":427,"column":16},"end":{"line":427,"column":null}},"type":"binary-expr","locations":[{"start":{"line":427,"column":16},"end":{"line":427,"column":31}},{"start":{"line":427,"column":31},"end":{"line":427,"column":null}}],"line":427},"54":{"loc":{"start":{"line":428,"column":21},"end":{"line":428,"column":null}},"type":"binary-expr","locations":[{"start":{"line":428,"column":21},"end":{"line":428,"column":37}},{"start":{"line":428,"column":37},"end":{"line":428,"column":null}}],"line":428},"55":{"loc":{"start":{"line":429,"column":24},"end":{"line":429,"column":null}},"type":"binary-expr","locations":[{"start":{"line":429,"column":24},"end":{"line":429,"column":43}},{"start":{"line":429,"column":43},"end":{"line":429,"column":null}}],"line":429},"56":{"loc":{"start":{"line":430,"column":17},"end":{"line":430,"column":null}},"type":"binary-expr","locations":[{"start":{"line":430,"column":17},"end":{"line":430,"column":33}},{"start":{"line":430,"column":33},"end":{"line":430,"column":null}}],"line":430},"57":{"loc":{"start":{"line":439,"column":2},"end":{"line":442,"column":null}},"type":"if","locations":[{"start":{"line":439,"column":2},"end":{"line":442,"column":null}},{"start":{},"end":{}}],"line":439},"58":{"loc":{"start":{"line":451,"column":2},"end":{"line":472,"column":null}},"type":"if","locations":[{"start":{"line":451,"column":2},"end":{"line":472,"column":null}},{"start":{},"end":{}}],"line":451},"59":{"loc":{"start":{"line":456,"column":4},"end":{"line":471,"column":null}},"type":"if","locations":[{"start":{"line":456,"column":4},"end":{"line":471,"column":null}},{"start":{},"end":{}}],"line":456},"60":{"loc":{"start":{"line":464,"column":8},"end":{"line":468,"column":null}},"type":"if","locations":[{"start":{"line":464,"column":8},"end":{"line":468,"column":null}},{"start":{"line":466,"column":15},"end":{"line":468,"column":null}}],"line":464},"61":{"loc":{"start":{"line":480,"column":4},"end":{"line":482,"column":null}},"type":"cond-expr","locations":[{"start":{"line":481,"column":8},"end":{"line":481,"column":null}},{"start":{"line":482,"column":8},"end":{"line":482,"column":null}}],"line":480},"62":{"loc":{"start":{"line":480,"column":4},"end":{"line":480,"column":null}},"type":"binary-expr","locations":[{"start":{"line":480,"column":4},"end":{"line":480,"column":30}},{"start":{"line":480,"column":30},"end":{"line":480,"column":null}}],"line":480},"63":{"loc":{"start":{"line":484,"column":2},"end":{"line":490,"column":null}},"type":"if","locations":[{"start":{"line":484,"column":2},"end":{"line":490,"column":null}},{"start":{"line":486,"column":2},"end":{"line":490,"column":null}}],"line":484},"64":{"loc":{"start":{"line":486,"column":2},"end":{"line":490,"column":null}},"type":"if","locations":[{"start":{"line":486,"column":2},"end":{"line":490,"column":null}},{"start":{"line":488,"column":9},"end":{"line":490,"column":null}}],"line":486},"65":{"loc":{"start":{"line":497,"column":4},"end":{"line":497,"column":null}},"type":"if","locations":[{"start":{"line":497,"column":4},"end":{"line":497,"column":null}},{"start":{},"end":{}}],"line":497},"66":{"loc":{"start":{"line":500,"column":21},"end":{"line":500,"column":null}},"type":"binary-expr","locations":[{"start":{"line":500,"column":21},"end":{"line":500,"column":35}},{"start":{"line":500,"column":35},"end":{"line":500,"column":52}},{"start":{"line":500,"column":52},"end":{"line":500,"column":null}}],"line":500},"67":{"loc":{"start":{"line":501,"column":4},"end":{"line":501,"column":null}},"type":"if","locations":[{"start":{"line":501,"column":4},"end":{"line":501,"column":null}},{"start":{},"end":{}}],"line":501},"68":{"loc":{"start":{"line":501,"column":8},"end":{"line":501,"column":36}},"type":"binary-expr","locations":[{"start":{"line":501,"column":8},"end":{"line":501,"column":20}},{"start":{"line":501,"column":20},"end":{"line":501,"column":36}}],"line":501},"69":{"loc":{"start":{"line":502,"column":4},"end":{"line":502,"column":null}},"type":"if","locations":[{"start":{"line":502,"column":4},"end":{"line":502,"column":null}},{"start":{},"end":{}}],"line":502},"70":{"loc":{"start":{"line":502,"column":8},"end":{"line":502,"column":36}},"type":"binary-expr","locations":[{"start":{"line":502,"column":8},"end":{"line":502,"column":21}},{"start":{"line":502,"column":21},"end":{"line":502,"column":36}}],"line":502},"71":{"loc":{"start":{"line":506,"column":4},"end":{"line":530,"column":null}},"type":"if","locations":[{"start":{"line":506,"column":4},"end":{"line":530,"column":null}},{"start":{},"end":{}}],"line":506},"72":{"loc":{"start":{"line":512,"column":6},"end":{"line":528,"column":null}},"type":"if","locations":[{"start":{"line":512,"column":6},"end":{"line":528,"column":null}},{"start":{"line":526,"column":13},"end":{"line":528,"column":null}}],"line":512},"73":{"loc":{"start":{"line":516,"column":8},"end":{"line":520,"column":null}},"type":"if","locations":[{"start":{"line":516,"column":8},"end":{"line":520,"column":null}},{"start":{},"end":{}}],"line":516},"74":{"loc":{"start":{"line":535,"column":4},"end":{"line":553,"c
[...]
ne":48,"column":20},"end":{"line":48,"column":21}},"loc":{"start":{"line":48,"column":27},"end":{"line":48,"column":44}},"line":48},"3":{"name":"rasterizeSvgToBase64","decl":{"start":{"line":75,"column":22},"end":{"line":75,"column":null}},"loc":{"start":{"line":79,"column":26},"end":{"line":117,"column":null}},"line":79},"4":{"name":"(anonymous_4)","decl":{"start":{"line":88,"column":44},"end":{"line":88,"column":45}},"loc":{"start":{"line":88,"column":57},"end":{"line":92,"column":3}},"line":88},"5":{"name":"(anonymous_5)","decl":{"start":{"line":89,"column":17},"end":{"line":89,"column":23}},"loc":{"start":{"line":89,"column":23},"end":{"line":89,"column":null}},"line":89},"6":{"name":"(anonymous_6)","decl":{"start":{"line":90,"column":18},"end":{"line":90,"column":24}},"loc":{"start":{"line":90,"column":24},"end":{"line":90,"column":null}},"line":90}},"branchMap":{"0":{"loc":{"start":{"line":54,"column":2},"end":{"line":57,"column":null}},"type":"if","locations":[{"start":{"line":54,"column":2},"end":{"line":57,"column":null}},{"start":{},"end":{}}],"line":54},"1":{"loc":{"start":{"line":54,"column":6},"end":{"line":54,"column":26}},"type":"binary-expr","locations":[{"start":{"line":54,"column":6},"end":{"line":54,"column":17}},{"start":{"line":54,"column":17},"end":{"line":54,"column":26}}],"line":54},"2":{"loc":{"start":{"line":81,"column":2},"end":{"line":81,"column":null}},"type":"if","locations":[{"start":{"line":81,"column":2},"end":{"line":81,"column":null}},{"start":{},"end":{}}],"line":81},"3":{"loc":{"start":{"line":93,"column":2},"end":{"line":96,"column":null}},"type":"if","locations":[{"start":{"line":93,"column":2},"end":{"line":96,"column":null}},{"start":{},"end":{}}],"line":93},"4":{"loc":{"start":{"line":98,"column":13},"end":{"line":98,"column":null}},"type":"binary-expr","locations":[{"start":{"line":98,"column":13},"end":{"line":98,"column":33}},{"start":{"line":98,"column":33},"end":{"line":98,"column":null}}],"line":98},"5":{"loc":{"start":{"line":99,"column":13},"end":{"line":99,"column":null}},"type":"binary-expr","locations":[{"start":{"line":99,"column":13},"end":{"line":99,"column":34}},{"start":{"line":99,"column":34},"end":{"line":99,"column":null}}],"line":99},"6":{"loc":{"start":{"line":101,"column":2},"end":{"line":107,"column":null}},"type":"if","locations":[{"start":{"line":101,"column":2},"end":{"line":107,"column":null}},{"start":{"line":104,"column":9},"end":{"line":107,"column":null}}],"line":101}},"s":{"0":1,"1":0,"2":0,"3":0,"4":0,"5":0,"6":0,"7":0,"8":0,"9":0,"10":0,"11":0,"12":0,"13":0,"14":0,"15":0,"16":0,"17":0,"18":0,"19":0,"20":0,"21":0,"22":0,"23":0,"24":0,"25":0,"26":0,"27":0,"28":0,"29":0,"30":0,"31":0,"32":0,"33":0,"34":0,"35":0,"36":0,"37":0,"38":0,"39":0,"40":0,"41":0,"42":0,"43":0,"44":0,"45":0,"46":0,"47":0,"48":0,"49":0,"50":0,"51":0,"52":0,"53":0},"f":{"0":0,"1":0,"2":0,"3":0,"4":0,"5":0,"6":0},"b":{"0":[0,0],"1":[0,0],"2":[0,0],"3":[0,0],"4":[0,0],"5":[0,0],"6":[0,0]},"meta":{"lastBranch":7,"lastFunction":7,"lastStatement":54,"seen":{"s:8:21:8:Infinity":0,"f:14:22:14:Infinity":0,"s:20:15:23:Infinity":1,"s:24:2:24:Infinity":2,"f:31:22:31:Infinity":1,"s:36:18:36:Infinity":3,"s:37:2:38:Infinity":4,"s:40:20:40:Infinity":5,"s:41:2:41:Infinity":6,"s:42:2:42:Infinity":7,"s:43:2:43:Infinity":8,"s:44:2:44:Infinity":9,"s:47:2:47:Infinity":10,"s:48:2:48:Infinity":11,"f:48:20:48:21":2,"s:48:27:48:44":12,"s:50:15:50:Infinity":13,"s:51:12:51:Infinity":14,"s:52:12:52:Infinity":15,"b:54:2:57:Infinity:undefined:undefined:undefined:undefined":0,"s:54:2:57:Infinity":16,"b:54:6:54:17:54:17:54:26":1,"s:55:4:55:Infinity":17,"s:56:4:56:Infinity":18,"s:59:20:59:Infinity":19,"s:60:18:65:Infinity":20,"s:67:2:67:Infinity":21,"s:68:2:68:Infinity":22,"f:75:22:75:Infinity":3,"s:80:15:80:Infinity":23,"b:81:2:81:Infinity:undefined:undefined:undefined:undefined":2,"s:81:2:81:Infinity":24,"s:81:16:81:Infinity":25,"s:82:18:82:Infinity":26,"s:83:15:85:Infinity":27,"s:86:18:86:Infinity":28,"s:87:14:87:Infinity":29,"s:88:17:92:Infinity":30,"f:88:44:88:45":4,"s:89:4:89:Infinity":31,"f:89:17:89:23":5,"s:89:23:89:Infinity":32,"s:90:4:90:Infinity":33,"f:90:18:90:24":6,"s:90:24:90:Infinity":34,"s:91:4:91:Infinity":35,"b:93:2:96:Infinity:undefined:undefined:undefined:undefined":3,"s:93:2:96:Infinity":36,"s:94:4:94:Infinity":37,"s:95:4:95:Infinity":38,"s:98:13:98:Infinity":39,"b:98:13:98:33:98:33:98:Infinity":4,"s:99:13:99:Infinity":40,"b:99:13:99:34:99:34:99:Infinity":5,"b:101:2:107:Infinity:104:9:107:Infinity":6,"s:101:2:107:Infinity":41,"s:102:4:102:Infinity":42,"s:103:4:103:Infinity":43,"s:105:4:105:Infinity":44,"s:106:4:106:Infinity":45,"s:109:17:109:Infinity":46,"s:110:2:110:Infinity":47,"s:111:2:111:Infinity":48,"s:112:14:112:Infinity":49,"s:113:2:113:Infinity":50,"s:114:2:114:Infinity":51,"s:115:2:115:Infinity":52,"s:116:2:116:Infinity":53}}}
,"D:\\northeastern\\NEU_courses\\IE5374-Applied_Generative_AI\\deckode_final_project\\src\\utils\\shikiTokenParser.ts": {"path":"D:\\northeastern\\NEU_courses\\IE5374-Applied_Generative_AI\\deckode_final_project\\src\\utils\\shikiTokenParser.ts","statementMap":{"0":{"start":{"line":14,"column":31},"end":{"line":14,"column":null}},"1":{"start":{"line":17,"column":20},"end":{"line":17,"column":null}},"2":{"start":{"line":18,"column":2},"end":{"line":18,"column":null}},"3":{"start":{"line":18,"column":18},"end":{"line":18,"column":null}},"4":{"start":{"line":21,"column":20},"end":{"line":21,"column":null}},"5":{"start":{"line":23,"column":2},"end":{"line":62,"column":null}},"6":{"start":{"line":24,"column":4},"end":{"line":24,"column":null}},"7":{"start":{"line":24,"column":34},"end":{"line":24,"column":null}},"8":{"start":{"line":27,"column":24},"end":{"line":27,"column":null}},"9":{"start":{"line":28,"column":32},"end":{"line":28,"column":null}},"10":{"start":{"line":32,"column":6},"end":{"line":32,"column":null}},"11":{"start":{"line":34,"column":18},"end":{"line":34,"column":null}},"12":{"start":{"line":36,"column":4},"end":{"line":51,"column":null}},"13":{"start":{"line":38,"column":6},"end":{"line":45,"column":null}},"14":{"start":{"line":39,"column":22},"end":{"line":41,"column":null}},"15":{"start":{"line":42,"column":8},"end":{"line":44,"column":null}},"16":{"start":{"line":43,"column":10},"end":{"line":43,"column":null}},"17":{"start":{"line":46,"column":6},"end":{"line":49,"column":null}},"18":{"start":{"line":50,"column":6},"end":{"line":50,"column":null}},"19":{"start":{"line":54,"column":4},"end":{"line":59,"column":null}},"20":{"start":{"line":55,"column":24},"end":{"line":55,"column":null}},"21":{"start":{"line":56,"column":6},"end":{"line":58,"column":null}},"22":{"start":{"line":57,"column":8},"end":{"line":57,"column":null}},"23":{"start":{"line":61,"column":4},"end":{"line":61,"column":null}},"24":{"start":{"line":64,"column":2},"end":{"line":64,"column":null}},"25":{"start":{"line":68,"column":2},"end":{"line":74,"column":null}}},"fnMap":{"0":{"name":"parseShikiHtml","decl":{"start":{"line":13,"column":16},"end":{"line":13,"column":31}},"loc":{"start":{"line":13,"column":60},"end":{"line":65,"column":null}},"line":13},"1":{"name":"unescapeHtml","decl":{"start":{"line":67,"column":16},"end":{"line":67,"column":29}},"loc":{"start":{"line":67,"column":48},"end":{"line":75,"column":null}},"line":67}},"branchMap":{"0":{"loc":{"start":{"line":18,"column":2},"end":{"line":18,"column":null}},"type":"if","locations":[{"start":{"line":18,"column":2},"end":{"line":18,"column":null}},{"start":{},"end":{}}],"line":18},"1":{"loc":{"start":{"line":24,"column":4},"end":{"line":24,"column":null}},"type":"if","locations":[{"start":{"line":24,"column":4},"end":{"line":24,"column":null}},{"start":{},"end":{}}],"line":24},"2":{"loc":{"start":{"line":38,"column":6},"end":{"line":45,"column":null}},"type":"if","locations":[{"start":{"line":38,"column":6},"end":{"line":45,"column":null}},{"start":{},"end":{}}],"line":38},"3":{"loc":{"start":{"line":42,"column":8},"end":{"line":44,"column":null}},"type":"if","locations":[{"start":{"line":42,"column":8},"end":{"line":44,"column":null}},{"start":{},"end":{}}],"line":42},"4":{"loc":{"start":{"line":54,"column":4},"end":{"line":59,"column":null}},"type":"if","locations":[{"start":{"line":54,"column":4},"end":{"line":59,"column":null}},{"start":{},"end":{}}],"line":54},"5":{"loc":{"start":{"line":56,"column":6},"end":{"line":58,"column":null}},"type":"if","locations":[{"start":{"line":56,"column":6},"end":{"line":58,"column":null}},{"start":{},"end":{}}],"line":56}},"s":{"0":8,"1":8,"2":8,"3":2,"4":6,"5":6,"6":14,"7":6,"8":8,"9":8,"10":8,"11":8,"12":8,"13":9,"14":2,"15":2,"16":2,"17":9,"18":9,"19":8,"20":1,"21":1,"22":1,"23":8,"24":6,"25":16},"f":{"0":8,"1":16},"b":{"0":[2,6],"1":[6,8],"2":[2,7],"3":[2,0],"4":[1,7],"5":[1,0]},"meta":{"lastBranch":6,"lastFunction":2,"lastStatement":26,"seen":{"f:13:16:13:31":0,"s:14:31:14:Infinity":0,"s:17:20:17:Infinity":1,"b:18:2:18:Infinity:undefined:undefined:undefined:undefined":0,"s:18:2:18:Infinity":2,"s:18:18:18:Infinity":3,"s:21:20:21:Infinity":4,"s:23:2:62:Infinity":5,"b:24:4:24:Infinity:undefined:undefined:undefined:undefined":1,"s:24:4:24:Infinity":6,"s:24:34:24:Infinity":7,"s:27:24:27:Infinity":8,"s:28:32:28:Infinity":9,"s:32:6:32:Infinity":10,"s:34:18:34:Infinity":11,"s:36:4:51:Infinity":12,"b:38:6:45:Infinity:undefined:undefined:undefined:undefined":2,"s:38:6:45:Infinity":13,"s:39:22:41:Infinity":14,"b:42:8:44:Infinity:undefined:undefined:undefined:undefined":3,"s:42:8:44:Infinity":15,"s:43:10:43:Infinity":16,"s:46:6:49:Infinity":17,"s:50:6:50:Infinity":18,"b:54:4:59:Infinity:undefined:undefined:undefined:undefined":4,"s:54:4:59:Infinity":19,"s:55:24:55:Infinity":20,"b:56:6:58:Infinity:undefined:undefined:undefined:undefined":5,"s:56:6:58:Infinity":21,"s:57:8:57:Infinity":22,"s:61:4:61:Infinity":23,"s:64:2:64:Infinity":24,"f:67:16:67:29":1,"s:68:2:74:Infinity":25}}}
,"D:\\northeastern\\NEU_courses\\IE5374-Applied_Generative_AI\\deckode_final_project\\src\\utils\\slideMerge.ts": {"path":"D:\\northeastern\\NEU_courses\\IE5374-Applied_Generative_AI\\deckode_final_project\\src\\utils\\slideMerge.ts","statementMap":{"0":{"start":{"line":8,"column":17},"end":{"line":8,"column":null}},"1":{"start":{"line":11,"column":18},"end":{"line":11,"column":null}},"2":{"start":{"line":11,"column":64},"end":{"line":11,"column":73}},"3":{"start":{"line":12,"column":19},"end":{"line":12,"column":null}},"4":{"start":{"line":12,"column":66},"end":{"line":12,"column":75}},"5":{"start":{"line":13,"column":20},"end":{"line":13,"column":null}},"6":{"start":{"line":13,"column":68},"end":{"line":13,"column":77}},"7":{"start":{"line":15,"column":32},"end":{"line":15,"column":null}},"8":{"start":{"line":16,"column":17},"end":{"line":16,"column":null}},"9":{"start":{"line":18,"column":2},"end":{"line":41,"column":null}},"10":{"start":{"line":19,"column":19},"end":{"line":19,"column":null}},"11":{"start":{"line":20,"column":20},"end":{"line":20,"column":null}},"12":{"start":{"line":21,"column":21},"end":{"line":21,"column":null}},"13":{"start":{"line":22,"column":20},"end":{"line":22,"column":null}},"14":{"start":{"line":23,"column":21},"end":{"line":23,"column":null}},"15":{"start":{"line":24,"column":22},"end":{"line":24,"column":null}},"16":{"start":{"line":26,"column":4},"end":{"line":40,"column":null}},"17":{"start":{"line":27,"column":6},"end":{"line":33,"column":null}},"18":{"start":{"line":29,"column":8},"end":{"line":29,"column":null}},"19":{"start":{"line":32,"column":8},"end":{"line":32,"column":null}},"20":{"start":{"line":34,"column":4},"end":{"line":40,"column":null}},"21":{"start":{"line":35,"column":6},"end":{"line":35,"column":null}},"22":{"start":{"line":35,"column":32},"end":{"line":35,"column":null}},"23":{"start":{"line":36,"column":6},"end":{"line":36,"column":null}},"24":{"start":{"line":37,"column":4},"end":{"line":40,"column":null}},"25":{"start":{"line":38,"column":6},"end":{"line":38,"column":null}},"26":{"start":{"line":38,"column":33},"end":{"line":38,"column":null}},"27":{"start":{"line":39,"column":6},"end":{"line":39,"column":null}},"28":{"start":{"line":43,"column":2},"end":{"line":43,"column":null}},"29":{"start":{"line":46,"column":22},"end":{"line":46,"column":null}},"30":{"start":{"line":47,"column":2},"end":{"line":54,"column":null}},"31":{"start":{"line":48,"column":20},"end":{"line":48,"column":null}},"32":{"start":{"line":49,"column":21},"end":{"line":49,"column":null}},"33":{"start":{"line":50,"column":22},"end":{"line":50,"column":null}},"34":{"start":{"line":51,"column":4},"end":{"line":53,"column":null}},"35":{"start":{"line":52,"column":6},"end":{"line":52,"column":null}},"36":{"start":{"line":56,"column":2},"end":{"line":56,"column":null}}},"fnMap":{"0":{"name":"mergeSlideFields","decl":{"start":{"line":7,"column":16},"end":{"line":7,"column":33}},"loc":{"start":{"line":7,"column":74},"end":{"line":57,"column":null}},"line":7},"1":{"name":"(anonymous_1)","decl":{"start":{"line":11,"column":52},"end":{"line":11,"column":53}},"loc":{"start":{"line":11,"column":64},"end":{"line":11,"column":73}},"line":11},"2":{"name":"(anonymous_2)","decl":{"start":{"line":12,"column":54},"end":{"line":12,"column":55}},"loc":{"start":{"line":12,"column":66},"end":{"line":12,"column":75}},"line":12},"3":{"name":"(anonymous_3)","decl":{"start":{"line":13,"column":56},"end":{"line":13,"column":57}},"loc":{"start":{"line":13,"column":68},"end":{"line":13,"column":77}},"line":13}},"branchMap":{"0":{"loc":{"start":{"line":11,"column":27},"end":{"line":11,"column":48}},"type":"binary-expr","locations":[{"start":{"line":11,"column":27},"end":{"line":11,"column":44}},{"start":{"line":11,"column":44},"end":{"line":11,"column":48}}],"line":11},"1":{"loc":{"start":{"line":12,"column":28},"end":{"line":12,"column":50}},"type":"binary-expr","locations":[{"start":{"line":12,"column":28},"end":{"line":12,"column":46}},{"start":{"line":12,"column":46},"end":{"line":12,"column":50}}],"line":12},"2":{"loc":{"start":{"line":13,"column":29},"end":{"line":13,"column":52}},"type":"binary-expr","locations":[{"start":{"line":13,"column":29},"end":{"line":13,"column":48}},{"start":{"line":13,"column":48},"end":{"line":13,"column":52}}],"line":13},"3":{"loc":{"start":{"line":22,"column":20},"end":{"line":22,"column":null}},"type":"cond-expr","locations":[{"start":{"line":22,"column":29},"end":{"line":22,"column":54}},{"start":{"line":22,"column":54},"end":{"line":22,"column":null}}],"line":22},"4":{"loc":{"start":{"line":23,"column":21},"end":{"line":23,"column":null}},"type":"cond-expr","locations":[{"start":{"line":23,"column":31},"end":{"line":23,"column":57}},{"start":{"line":23,"column":57},"end":{"line":23,"column":null}}],"line":23},"5":{"loc":{"start":{"line":24,"column":22},"end":{"line":24,"column":null}},"type":"cond-expr","locations":[{"start":{"line":24,"column":33},"end":{"line":24,"column":60}},{"start":{"line":24,"column":60},"end":{"line":24,"column":null}}],"line":24},"6":{"loc":{"start":{"line":26,"column":4},"end":{"line":40,"column":null}},"type":"if","locations":[{"start":{"line":26,"column":4},"end":{"line":40,"column":null}},{"start":{"line":34,"column":4},"end":{"line":40,"column":null}}],"line":26},"7":{"loc":{"start":{"line":26,"column":8},"end":{"line":26,"column":29}},"type":"binary-expr","locations":[{"start":{"line":26,"column":8},"end":{"line":26,"column":19}},{"start":{"line":26,"column":19},"end":{"line":26,"column":29}}],"line":26},"8":{"loc":{"start":{"line":27,"column":6},"end":{"line":33,"column":null}},"type":"if","locations":[{"start":{"line":27,"column":6},"end":{"line":33,"column":null}},{"start":{"line":30,"column":13},"end":{"line":33,"column":null}}],"line":27},"9":{"loc":{"start":{"line":27,"column":10},"end":{"line":27,"column":57}},"type":"binary-expr","locations":[{"start":{"line":27,"column":10},"end":{"line":27,"column":34}},{"start":{"line":27,"column":34},"end":{"line":27,"column":57}}],"line":27},"10":{"loc":{"start":{"line":34,"column":4},"end":{"line":40,"column":null}},"type":"if","locations":[{"start":{"line":34,"column":4},"end":{"line":40,"column":null}},{"start":{"line":37,"column":4},"end":{"line":40,"column":null}}],"line":34},"11":{"loc":{"start":{"line":34,"column":15},"end":{"line":34,"column":37}},"type":"binary-expr","locations":[{"start":{"line":34,"column":15},"end":{"line":34,"column":26}},{"start":{"line":34,"column":26},"end":{"line":34,"column":37}}],"line":34},"12":{"loc":{"start":{"line":35,"column":6},"end":{"line":35,"column":null}},"type":"if","locations":[{"start":{"line":35,"column":6},"end":{"line":35,"column":null}},{"start":{},"end":{}}],"line":35},"13":{"loc":{"start":{"line":37,"column":4},"end":{"line":40,"column":null}},"type":"if","locations":[{"start":{"line":37,"column":4},"end":{"line":40,"column":null}},{"start":{},"end":{}}],"line":37},"14":{"loc":{"start":{"line":37,"column":15},"end":{"line":37,"column":37}},"type":"binary-expr","locations":[{"start":{"line":37,"column":15},"end":{"line":37,"column":27}},{"start":{"line":37,"column":27},"end":{"line":37,"column":37}}],"line":37},"15":{"loc":{"start":{"line":38,"column":6},"end":{"line":38,"column":null}},"type":"if","locations":[{"start":{"line":38,"column":6},"end":{"line":38,"column":null}},{"start":{},"end":{}}],"line":38},"16":{"loc":{"start":{"line":51,"column":4},"end":{"line":53,"column":null}},"type":"if","locations":[{"start":{"line":51,"column":4},"end":{"line":53,"column":null}},{"start":{},"end":{}}],"line":51},"17":{"loc":{"start":{"line":51,"column":8},"end":{"line":51,"column":55}},"type":"binary-expr","locations":[{"start":{"line":51,"column":8},"end":{"line":51,"column":33}},{"start":{"line":51,"column":33},"end":{"line":51,"column":55}}],"line":51}},"s":{"0":0,"1":0,"2":0,"3":0,"4":0,"5":0,"6":0,"7":0,"8":0,"9":0,"10":0,"11":0,"12":0,"13":0,"14":0,"15":0,"16":0,"17":0,"18":0,"19":0,"20":0,"21":0,"22":0,"23":0,"24":0,"25":0,"26":0,"27":0,"28":0,"29":0,"30":0,"31":0,"32":0,"33":0,"34":0,"35":0,"36":0},"f":{"0":0,"1":0,"2":0,"3":0},"b":{"0":[0,0],"1":[0,0],"2":[0,0],"3":[0,0],"4":[0,0],"5":[0,0],"6":[0,0],"7":[0,0],"8":[0,0],"9":[0,0],"10":[0,0],"11":[0,0],"12":[0,0],"13":[0,0],"14":[0,0],"15":[0,0],"16":[0,0],"17":[0,0]},"meta":{"lastBranch":18,"lastFunction":4,"lastStatement":37,"seen":{"f:7:16:7:33":0,"s:8:17:8:Infinity":0,"s:11:18:11:Infinity":1,"b:11:27:11:44:11:44:11:48":0,"f:11:52:11:53":1,"s:11:64:11:73":2,"s:12:19:12:Infinity":3,"b:12:28:12:46:12:46:12:50":1,"f:12:54:12:55":2,"s:12:66:12:75":4,"s:13:20:13:Infinity":5,"b:13:29:13:48:13:48:13:52":2,"f:13:56:13:57":3,"s:13:68:13:77":6,"s:15:32:15:Infinity":7,"s:16:17:16:Infinity":8,"s:18:2:41:Infinity":9,"s:19:19:19:Infinity":10,"s:20:20:20:Infinity":11,"s:21:21:21:Infinity":12,"s:22:20:22:Infinity":13,"b:22:29:22:54:22:54:22:Infinity":3,"s:23:21:23:Infinity":14,"b:23:31:23:57:23:57:23:Infinity":4,"s:24:22:24:Infinity":15,"b:24:33:24:60:24:60:24:Infinity":5,"b:26:4:40:Infinity:34:4:40:Infinity":6,"s:26:4:40:Infinity":16,"b:26:8:26:19:26:19:26:29":7,"b:27:6:33:Infinity:30:13:33:Infinity":8,"s:27:6:33:Infinity":17,"b:27:10:27:34:27:34:27:57":9,"s:29:8:29:Infinity":18,"s:32:8:32:Infinity":19,"b:34:4:40:Infinity:37:4:40:Infinity":10,"s:34:4:40:Infinity":20,"b:34:15:34:26:34:26:34:37":11,"b:35:6:35:Infinity:undefined:undefined:undefined:undefined":12,"s:35:6:35:Infinity":21,"s:35:32:35:Infinity":22,"s:36:6:36:Infinity":23,"b:37:4:40:Infinity:undefined:undefined:undefined:undefined":13,"s:37:4:40:Infinity":24,"b:37:15:37:27:37:27:37:37":14,"b:38:6:38:Infinity:undefined:undefined:undefined:undefined":15,"s:38:6:38:Infinity":25,"s:38:33:38:Infinity":26,"s:39:6:39:Infinity":27,"s:43:2:43:Infinity":28,"s:46:22:46:Infinity":29,"s:47:2:54:Infinity":30,"s:48:20:48:Infinity":31,"s:49:21:49:Infinity":32,"s:50:22:50:Infinity":33,"b:51:4:53:Infinity:undefined:undefined:undefined:undefined":16,"s:51:4:53:Infinity":34,"b:51:8:51:33:51:33:51:55":17,"s:52:6:52:Infinity":35,"s:56:2:56:Infinity":36}}}
}
